<?xml version="1.0" encoding="UTF-8"?>
<testng-results skipped="0" failed="13" ignored="2" total="83" passed="68">
  <reporter-output>
  </reporter-output>
  <suite name="Surefire suite" duration-ms="741052" started-at="2023-06-12T18:42:52 EDT" finished-at="2023-06-12T18:55:13 EDT">
    <groups>
    </groups>
    <test name="Surefire test" duration-ms="741052" started-at="2023-06-12T18:42:52 EDT" finished-at="2023-06-12T18:55:13 EDT">
      <class name="scripts._07_TGDynamicElementsTest">
        <test-method status="PASS" signature="setUp()[pri:0, instance:scripts._07_TGDynamicElementsTest@4f063c0a]" name="setUp" is-config="true" duration-ms="1961" started-at="2023-06-12T18:48:03 EDT" finished-at="2023-06-12T18:48:05 EDT">
          <reporter-output>
          </reporter-output>
        </test-method> <!-- setUp -->
        <test-method status="PASS" signature="setPage()[pri:0, instance:scripts._07_TGDynamicElementsTest@4f063c0a]" name="setPage" is-config="true" duration-ms="1531" started-at="2023-06-12T18:48:05 EDT" finished-at="2023-06-12T18:48:06 EDT">
          <reporter-output>
          </reporter-output>
        </test-method> <!-- setPage -->
        <test-method status="PASS" signature="validateDynamicElementBox1()[pri:0, instance:scripts._07_TGDynamicElementsTest@4f063c0a]" name="validateDynamicElementBox1" duration-ms="131" started-at="2023-06-12T18:48:06 EDT" finished-at="2023-06-12T18:48:06 EDT">
          <reporter-output>
          </reporter-output>
        </test-method> <!-- validateDynamicElementBox1 -->
        <test-method status="PASS" signature="tearDown()[pri:0, instance:scripts._07_TGDynamicElementsTest@4f063c0a]" name="tearDown" is-config="true" duration-ms="762" started-at="2023-06-12T18:48:06 EDT" finished-at="2023-06-12T18:48:07 EDT">
          <reporter-output>
          </reporter-output>
        </test-method> <!-- tearDown -->
        <test-method status="PASS" signature="setUp()[pri:0, instance:scripts._07_TGDynamicElementsTest@4f063c0a]" name="setUp" is-config="true" duration-ms="1946" started-at="2023-06-12T18:48:07 EDT" finished-at="2023-06-12T18:48:09 EDT">
          <reporter-output>
          </reporter-output>
        </test-method> <!-- setUp -->
        <test-method status="PASS" signature="setPage()[pri:0, instance:scripts._07_TGDynamicElementsTest@4f063c0a]" name="setPage" is-config="true" duration-ms="1019" started-at="2023-06-12T18:48:09 EDT" finished-at="2023-06-12T18:48:10 EDT">
          <reporter-output>
          </reporter-output>
        </test-method> <!-- setPage -->
        <test-method status="PASS" signature="validateDynamicElementBox2()[pri:0, instance:scripts._07_TGDynamicElementsTest@4f063c0a]" name="validateDynamicElementBox2" duration-ms="78" started-at="2023-06-12T18:48:10 EDT" finished-at="2023-06-12T18:48:10 EDT">
          <reporter-output>
          </reporter-output>
        </test-method> <!-- validateDynamicElementBox2 -->
        <test-method status="PASS" signature="tearDown()[pri:0, instance:scripts._07_TGDynamicElementsTest@4f063c0a]" name="tearDown" is-config="true" duration-ms="846" started-at="2023-06-12T18:48:10 EDT" finished-at="2023-06-12T18:48:11 EDT">
          <reporter-output>
          </reporter-output>
        </test-method> <!-- tearDown -->
        <test-method status="PASS" signature="setUp()[pri:0, instance:scripts._07_TGDynamicElementsTest@4f063c0a]" name="setUp" is-config="true" duration-ms="1953" started-at="2023-06-12T18:48:11 EDT" finished-at="2023-06-12T18:48:13 EDT">
          <reporter-output>
          </reporter-output>
        </test-method> <!-- setUp -->
        <test-method status="PASS" signature="setPage()[pri:0, instance:scripts._07_TGDynamicElementsTest@4f063c0a]" name="setPage" is-config="true" duration-ms="1116" started-at="2023-06-12T18:48:13 EDT" finished-at="2023-06-12T18:48:14 EDT">
          <reporter-output>
          </reporter-output>
        </test-method> <!-- setPage -->
        <test-method status="PASS" signature="validateDynamicElementBoxes()[pri:0, instance:scripts._07_TGDynamicElementsTest@4f063c0a]" name="validateDynamicElementBoxes" duration-ms="123" started-at="2023-06-12T18:48:14 EDT" finished-at="2023-06-12T18:48:14 EDT">
          <reporter-output>
          </reporter-output>
        </test-method> <!-- validateDynamicElementBoxes -->
        <test-method status="PASS" signature="tearDown()[pri:0, instance:scripts._07_TGDynamicElementsTest@4f063c0a]" name="tearDown" is-config="true" duration-ms="811" started-at="2023-06-12T18:48:14 EDT" finished-at="2023-06-12T18:48:15 EDT">
          <reporter-output>
          </reporter-output>
        </test-method> <!-- tearDown -->
      </class> <!-- scripts._07_TGDynamicElementsTest -->
      <class name="scripts._19_TGActionsTest">
        <test-method status="PASS" signature="setUp()[pri:0, instance:scripts._19_TGActionsTest@711f39f9]" name="setUp" is-config="true" duration-ms="1579" started-at="2023-06-12T18:51:46 EDT" finished-at="2023-06-12T18:51:48 EDT">
          <reporter-output>
          </reporter-output>
        </test-method> <!-- setUp -->
        <test-method status="PASS" signature="setPage()[pri:0, instance:scripts._19_TGActionsTest@711f39f9]" name="setPage" is-config="true" duration-ms="928" started-at="2023-06-12T18:51:48 EDT" finished-at="2023-06-12T18:51:49 EDT">
          <reporter-output>
          </reporter-output>
        </test-method> <!-- setPage -->
        <test-method status="PASS" signature="dragAndDrop()[pri:0, instance:scripts._19_TGActionsTest@711f39f9]" name="dragAndDrop" duration-ms="145731" started-at="2023-06-12T18:51:49 EDT" finished-at="2023-06-12T18:54:14 EDT">
          <reporter-output>
          </reporter-output>
        </test-method> <!-- dragAndDrop -->
        <test-method status="PASS" signature="tearDown()[pri:0, instance:scripts._19_TGActionsTest@711f39f9]" name="tearDown" is-config="true" duration-ms="872" started-at="2023-06-12T18:54:14 EDT" finished-at="2023-06-12T18:54:15 EDT">
          <reporter-output>
          </reporter-output>
        </test-method> <!-- tearDown -->
        <test-method status="PASS" signature="setUp()[pri:0, instance:scripts._19_TGActionsTest@711f39f9]" name="setUp" is-config="true" duration-ms="1699" started-at="2023-06-12T18:54:15 EDT" finished-at="2023-06-12T18:54:17 EDT">
          <reporter-output>
          </reporter-output>
        </test-method> <!-- setUp -->
        <test-method status="PASS" signature="setPage()[pri:0, instance:scripts._19_TGActionsTest@711f39f9]" name="setPage" is-config="true" duration-ms="1093" started-at="2023-06-12T18:54:17 EDT" finished-at="2023-06-12T18:54:18 EDT">
          <reporter-output>
          </reporter-output>
        </test-method> <!-- setPage -->
        <test-method status="PASS" signature="keyboardActions()[pri:0, instance:scripts._19_TGActionsTest@711f39f9]" name="keyboardActions" duration-ms="4443" started-at="2023-06-12T18:54:18 EDT" finished-at="2023-06-12T18:54:22 EDT">
          <reporter-output>
          </reporter-output>
        </test-method> <!-- keyboardActions -->
        <test-method status="PASS" signature="tearDown()[pri:0, instance:scripts._19_TGActionsTest@711f39f9]" name="tearDown" is-config="true" duration-ms="771" started-at="2023-06-12T18:54:22 EDT" finished-at="2023-06-12T18:54:23 EDT">
          <reporter-output>
          </reporter-output>
        </test-method> <!-- tearDown -->
        <test-method status="PASS" signature="setUp()[pri:0, instance:scripts._19_TGActionsTest@711f39f9]" name="setUp" is-config="true" duration-ms="1872" started-at="2023-06-12T18:54:23 EDT" finished-at="2023-06-12T18:54:25 EDT">
          <reporter-output>
          </reporter-output>
        </test-method> <!-- setUp -->
        <test-method status="PASS" signature="setPage()[pri:0, instance:scripts._19_TGActionsTest@711f39f9]" name="setPage" is-config="true" duration-ms="1053" started-at="2023-06-12T18:54:25 EDT" finished-at="2023-06-12T18:54:26 EDT">
          <reporter-output>
          </reporter-output>
        </test-method> <!-- setPage -->
        <test-method status="PASS" signature="moreKeyboardActions()[pri:0, instance:scripts._19_TGActionsTest@711f39f9]" name="moreKeyboardActions" duration-ms="4270" started-at="2023-06-12T18:54:26 EDT" finished-at="2023-06-12T18:54:30 EDT">
          <reporter-output>
          </reporter-output>
        </test-method> <!-- moreKeyboardActions -->
        <test-method status="PASS" signature="tearDown()[pri:0, instance:scripts._19_TGActionsTest@711f39f9]" name="tearDown" is-config="true" duration-ms="751" started-at="2023-06-12T18:54:30 EDT" finished-at="2023-06-12T18:54:31 EDT">
          <reporter-output>
          </reporter-output>
        </test-method> <!-- tearDown -->
        <test-method status="PASS" signature="setUp()[pri:0, instance:scripts._19_TGActionsTest@711f39f9]" name="setUp" is-config="true" duration-ms="1660" started-at="2023-06-12T18:54:31 EDT" finished-at="2023-06-12T18:54:33 EDT">
          <reporter-output>
          </reporter-output>
        </test-method> <!-- setUp -->
        <test-method status="PASS" signature="setPage()[pri:0, instance:scripts._19_TGActionsTest@711f39f9]" name="setPage" is-config="true" duration-ms="1002" started-at="2023-06-12T18:54:33 EDT" finished-at="2023-06-12T18:54:34 EDT">
          <reporter-output>
          </reporter-output>
        </test-method> <!-- setPage -->
        <test-method status="PASS" signature="mouseActions()[pri:0, instance:scripts._19_TGActionsTest@711f39f9]" name="mouseActions" duration-ms="3574" started-at="2023-06-12T18:54:34 EDT" finished-at="2023-06-12T18:54:37 EDT">
          <reporter-output>
          </reporter-output>
        </test-method> <!-- mouseActions -->
        <test-method status="PASS" signature="tearDown()[pri:0, instance:scripts._19_TGActionsTest@711f39f9]" name="tearDown" is-config="true" duration-ms="752" started-at="2023-06-12T18:54:37 EDT" finished-at="2023-06-12T18:54:38 EDT">
          <reporter-output>
          </reporter-output>
        </test-method> <!-- tearDown -->
      </class> <!-- scripts._19_TGActionsTest -->
      <class name="scripts._08_TGWaitsTest">
        <test-method status="PASS" signature="setUp()[pri:0, instance:scripts._08_TGWaitsTest@1e6d1014]" name="setUp" is-config="true" duration-ms="1854" started-at="2023-06-12T18:48:15 EDT" finished-at="2023-06-12T18:48:17 EDT">
          <reporter-output>
          </reporter-output>
        </test-method> <!-- setUp -->
        <test-method status="PASS" signature="setPage()[pri:0, instance:scripts._08_TGWaitsTest@1e6d1014]" name="setPage" is-config="true" duration-ms="926" started-at="2023-06-12T18:48:17 EDT" finished-at="2023-06-12T18:48:18 EDT">
          <reporter-output>
          </reporter-output>
        </test-method> <!-- setPage -->
        <test-method status="FAIL" signature="waitForBlueBox()[pri:0, instance:scripts._08_TGWaitsTest@1e6d1014]" name="waitForBlueBox" duration-ms="30150" started-at="2023-06-12T18:48:18 EDT" finished-at="2023-06-12T18:48:48 EDT">
          <exception class="org.openqa.selenium.NoSuchElementException">
            <message>
              <![CDATA[no such element: Unable to locate element: {"method":"css selector","selector":"button[class*='blue_box']"}
  (Session info: chrome=114.0.5735.110)
For documentation on this error, please visit: https://www.seleniumhq.org/exceptions/no_such_element.html
Build info: version: '3.141.59', revision: 'e82be7d358', time: '2018-11-14T08:17:03'
System info: host: 'HP', ip: '192.168.0.130', os.name: 'Windows 11', os.arch: 'amd64', os.version: '10.0', java.version: '1.8.0_361'
Driver info: org.openqa.selenium.chrome.ChromeDriver
Capabilities {acceptInsecureCerts: false, browserName: chrome, browserVersion: 114.0.5735.110, chrome: {chromedriverVersion: 114.0.5735.90 (386bc09e8f4f..., userDataDir: C:\Users\melek\AppData\Loca...}, goog:chromeOptions: {debuggerAddress: localhost:51155}, javascriptEnabled: true, networkConnectionEnabled: false, pageLoadStrategy: normal, platform: WINDOWS, platformName: WINDOWS, proxy: Proxy(), setWindowRect: true, strictFileInteractability: false, timeouts: {implicit: 0, pageLoad: 300000, script: 30000}, unhandledPromptBehavior: dismiss and notify, webauthn:extension:credBlob: true, webauthn:extension:largeBlob: true, webauthn:extension:minPinLength: true, webauthn:extension:prf: true, webauthn:virtualAuthenticators: true}
Session ID: c459bc329db830fa27c2381d8866d8fd
*** Element info: {Using=css selector, value=button[class*='blue_box']}]]>
            </message>
            <full-stacktrace>
              <![CDATA[org.openqa.selenium.NoSuchElementException: no such element: Unable to locate element: {"method":"css selector","selector":"button[class*='blue_box']"}
  (Session info: chrome=114.0.5735.110)
For documentation on this error, please visit: https://www.seleniumhq.org/exceptions/no_such_element.html
Build info: version: '3.141.59', revision: 'e82be7d358', time: '2018-11-14T08:17:03'
System info: host: 'HP', ip: '192.168.0.130', os.name: 'Windows 11', os.arch: 'amd64', os.version: '10.0', java.version: '1.8.0_361'
Driver info: org.openqa.selenium.chrome.ChromeDriver
Capabilities {acceptInsecureCerts: false, browserName: chrome, browserVersion: 114.0.5735.110, chrome: {chromedriverVersion: 114.0.5735.90 (386bc09e8f4f..., userDataDir: C:\Users\melek\AppData\Loca...}, goog:chromeOptions: {debuggerAddress: localhost:51155}, javascriptEnabled: true, networkConnectionEnabled: false, pageLoadStrategy: normal, platform: WINDOWS, platformName: WINDOWS, proxy: Proxy(), setWindowRect: true, strictFileInteractability: false, timeouts: {implicit: 0, pageLoad: 300000, script: 30000}, unhandledPromptBehavior: dismiss and notify, webauthn:extension:credBlob: true, webauthn:extension:largeBlob: true, webauthn:extension:minPinLength: true, webauthn:extension:prf: true, webauthn:virtualAuthenticators: true}
Session ID: c459bc329db830fa27c2381d8866d8fd
*** Element info: {Using=css selector, value=button[class*='blue_box']}
at sun.reflect.NativeConstructorAccessorImpl.newInstance0(Native Method)
at sun.reflect.NativeConstructorAccessorImpl.newInstance(NativeConstructorAccessorImpl.java:62)
at sun.reflect.DelegatingConstructorAccessorImpl.newInstance(DelegatingConstructorAccessorImpl.java:45)
at java.lang.reflect.Constructor.newInstance(Constructor.java:423)
at org.openqa.selenium.remote.http.W3CHttpResponseCodec.createException(W3CHttpResponseCodec.java:187)
at org.openqa.selenium.remote.http.W3CHttpResponseCodec.decode(W3CHttpResponseCodec.java:122)
at org.openqa.selenium.remote.http.W3CHttpResponseCodec.decode(W3CHttpResponseCodec.java:49)
at org.openqa.selenium.remote.HttpCommandExecutor.execute(HttpCommandExecutor.java:158)
at org.openqa.selenium.remote.service.DriverCommandExecutor.execute(DriverCommandExecutor.java:83)
at org.openqa.selenium.remote.RemoteWebDriver.execute(RemoteWebDriver.java:552)
at org.openqa.selenium.remote.RemoteWebDriver.findElement(RemoteWebDriver.java:323)
at org.openqa.selenium.remote.RemoteWebDriver.findElementByCssSelector(RemoteWebDriver.java:420)
at org.openqa.selenium.By$ByCssSelector.findElement(By.java:431)
at org.openqa.selenium.remote.RemoteWebDriver.findElement(RemoteWebDriver.java:315)
at scripts._08_TGWaitsTest.waitForBlueBox(_08_TGWaitsTest.java:52)
at sun.reflect.NativeMethodAccessorImpl.invoke0(Native Method)
at sun.reflect.NativeMethodAccessorImpl.invoke(NativeMethodAccessorImpl.java:62)
at sun.reflect.DelegatingMethodAccessorImpl.invoke(DelegatingMethodAccessorImpl.java:43)
at java.lang.reflect.Method.invoke(Method.java:498)
at org.testng.internal.MethodInvocationHelper.invokeMethod(MethodInvocationHelper.java:134)
at org.testng.internal.TestInvoker.invokeMethod(TestInvoker.java:597)
at org.testng.internal.TestInvoker.invokeTestMethod(TestInvoker.java:173)
at org.testng.internal.MethodRunner.runInSequence(MethodRunner.java:46)
at org.testng.internal.TestInvoker$MethodInvocationAgent.invoke(TestInvoker.java:816)
at org.testng.internal.TestInvoker.invokeTestMethods(TestInvoker.java:146)
at org.testng.internal.TestMethodWorker.invokeTestMethods(TestMethodWorker.java:146)
at org.testng.internal.TestMethodWorker.run(TestMethodWorker.java:128)
at java.util.ArrayList.forEach(ArrayList.java:1259)
at org.testng.TestRunner.privateRun(TestRunner.java:766)
at org.testng.TestRunner.run(TestRunner.java:587)
at org.testng.SuiteRunner.runTest(SuiteRunner.java:384)
at org.testng.SuiteRunner.runSequentially(SuiteRunner.java:378)
at org.testng.SuiteRunner.privateRun(SuiteRunner.java:337)
at org.testng.SuiteRunner.run(SuiteRunner.java:286)
at org.testng.SuiteRunnerWorker.runSuite(SuiteRunnerWorker.java:53)
at org.testng.SuiteRunnerWorker.run(SuiteRunnerWorker.java:96)
at org.testng.TestNG.runSuitesSequentially(TestNG.java:1187)
at org.testng.TestNG.runSuitesLocally(TestNG.java:1109)
at org.testng.TestNG.runSuites(TestNG.java:1039)
at org.testng.TestNG.run(TestNG.java:1007)
at org.apache.maven.surefire.testng.TestNGExecutor.run(TestNGExecutor.java:155)
at org.apache.maven.surefire.testng.TestNGDirectoryTestSuite.executeMulti(TestNGDirectoryTestSuite.java:169)
at org.apache.maven.surefire.testng.TestNGDirectoryTestSuite.execute(TestNGDirectoryTestSuite.java:88)
at org.apache.maven.surefire.testng.TestNGProvider.invoke(TestNGProvider.java:137)
at org.apache.maven.surefire.booter.ForkedBooter.runSuitesInProcess(ForkedBooter.java:385)
at org.apache.maven.surefire.booter.ForkedBooter.execute(ForkedBooter.java:162)
at org.apache.maven.surefire.booter.ForkedBooter.run(ForkedBooter.java:507)
at org.apache.maven.surefire.booter.ForkedBooter.main(ForkedBooter.java:495)
]]>
            </full-stacktrace>
          </exception> <!-- org.openqa.selenium.NoSuchElementException -->
          <reporter-output>
          </reporter-output>
        </test-method> <!-- waitForBlueBox -->
        <test-method status="PASS" signature="tearDown()[pri:0, instance:scripts._08_TGWaitsTest@1e6d1014]" name="tearDown" is-config="true" duration-ms="796" started-at="2023-06-12T18:48:48 EDT" finished-at="2023-06-12T18:48:49 EDT">
          <reporter-output>
          </reporter-output>
        </test-method> <!-- tearDown -->
        <test-method status="PASS" signature="setUp()[pri:0, instance:scripts._08_TGWaitsTest@1e6d1014]" name="setUp" is-config="true" duration-ms="1740" started-at="2023-06-12T18:48:49 EDT" finished-at="2023-06-12T18:48:50 EDT">
          <reporter-output>
          </reporter-output>
        </test-method> <!-- setUp -->
        <test-method status="PASS" signature="setPage()[pri:0, instance:scripts._08_TGWaitsTest@1e6d1014]" name="setPage" is-config="true" duration-ms="1155" started-at="2023-06-12T18:48:50 EDT" finished-at="2023-06-12T18:48:52 EDT">
          <reporter-output>
          </reporter-output>
        </test-method> <!-- setPage -->
        <test-method status="PASS" signature="waitForRedBox()[pri:0, instance:scripts._08_TGWaitsTest@1e6d1014]" name="waitForRedBox" duration-ms="10131" started-at="2023-06-12T18:48:52 EDT" finished-at="2023-06-12T18:49:02 EDT">
          <reporter-output>
          </reporter-output>
        </test-method> <!-- waitForRedBox -->
        <test-method status="PASS" signature="tearDown()[pri:0, instance:scripts._08_TGWaitsTest@1e6d1014]" name="tearDown" is-config="true" duration-ms="787" started-at="2023-06-12T18:49:02 EDT" finished-at="2023-06-12T18:49:03 EDT">
          <reporter-output>
          </reporter-output>
        </test-method> <!-- tearDown -->
      </class> <!-- scripts._08_TGWaitsTest -->
      <class name="scripts._13_IFrameTest">
        <test-method status="PASS" signature="setUp()[pri:0, instance:scripts._13_IFrameTest@1c3a4799]" name="setUp" is-config="true" duration-ms="1969" started-at="2023-06-12T18:50:19 EDT" finished-at="2023-06-12T18:50:21 EDT">
          <reporter-output>
          </reporter-output>
        </test-method> <!-- setUp -->
        <test-method status="PASS" signature="setPage()[pri:0, instance:scripts._13_IFrameTest@1c3a4799]" name="setPage" is-config="true" duration-ms="862" started-at="2023-06-12T18:50:21 EDT" finished-at="2023-06-12T18:50:22 EDT">
          <reporter-output>
          </reporter-output>
        </test-method> <!-- setPage -->
        <test-method status="PASS" signature="validateTheParagraph()[pri:1, instance:scripts._13_IFrameTest@1c3a4799]" name="validateTheParagraph" duration-ms="277" started-at="2023-06-12T18:50:22 EDT" description="TC123: Validate the IFrame Page content paragraph" finished-at="2023-06-12T18:50:22 EDT">
          <reporter-output>
          </reporter-output>
        </test-method> <!-- validateTheParagraph -->
        <test-method status="PASS" signature="tearDown()[pri:0, instance:scripts._13_IFrameTest@1c3a4799]" name="tearDown" is-config="true" duration-ms="776" started-at="2023-06-12T18:50:22 EDT" finished-at="2023-06-12T18:50:23 EDT">
          <reporter-output>
          </reporter-output>
        </test-method> <!-- tearDown -->
        <test-method status="PASS" signature="setUp()[pri:0, instance:scripts._13_IFrameTest@1c3a4799]" name="setUp" is-config="true" duration-ms="1965" started-at="2023-06-12T18:50:23 EDT" finished-at="2023-06-12T18:50:25 EDT">
          <reporter-output>
          </reporter-output>
        </test-method> <!-- setUp -->
        <test-method status="PASS" signature="setPage()[pri:0, instance:scripts._13_IFrameTest@1c3a4799]" name="setPage" is-config="true" duration-ms="1079" started-at="2023-06-12T18:50:25 EDT" finished-at="2023-06-12T18:50:26 EDT">
          <reporter-output>
          </reporter-output>
        </test-method> <!-- setPage -->
        <test-method status="FAIL" signature="validateTheFormSubmission()[pri:2, instance:scripts._13_IFrameTest@1c3a4799]" name="validateTheFormSubmission" duration-ms="30197" started-at="2023-06-12T18:50:26 EDT" description="TC345 Validate the form submission" finished-at="2023-06-12T18:50:56 EDT">
          <exception class="org.openqa.selenium.NoSuchElementException">
            <message>
              <![CDATA[no such element: Unable to locate element: {"method":"css selector","selector":"input[id='first_name]"}
  (Session info: chrome=114.0.5735.110)
For documentation on this error, please visit: https://www.seleniumhq.org/exceptions/no_such_element.html
Build info: version: '3.141.59', revision: 'e82be7d358', time: '2018-11-14T08:17:03'
System info: host: 'HP', ip: '192.168.0.130', os.name: 'Windows 11', os.arch: 'amd64', os.version: '10.0', java.version: '1.8.0_361'
Driver info: org.openqa.selenium.chrome.ChromeDriver
Capabilities {acceptInsecureCerts: false, browserName: chrome, browserVersion: 114.0.5735.110, chrome: {chromedriverVersion: 114.0.5735.90 (386bc09e8f4f..., userDataDir: C:\Users\melek\AppData\Loca...}, goog:chromeOptions: {debuggerAddress: localhost:51483}, javascriptEnabled: true, networkConnectionEnabled: false, pageLoadStrategy: normal, platform: WINDOWS, platformName: WINDOWS, proxy: Proxy(), setWindowRect: true, strictFileInteractability: false, timeouts: {implicit: 0, pageLoad: 300000, script: 30000}, unhandledPromptBehavior: dismiss and notify, webauthn:extension:credBlob: true, webauthn:extension:largeBlob: true, webauthn:extension:minPinLength: true, webauthn:extension:prf: true, webauthn:virtualAuthenticators: true}
Session ID: 0b36be23f3377f0e077e4e20e5296f7d
*** Element info: {Using=css selector, value=input[id='first_name]}]]>
            </message>
            <full-stacktrace>
              <![CDATA[org.openqa.selenium.NoSuchElementException: no such element: Unable to locate element: {"method":"css selector","selector":"input[id='first_name]"}
  (Session info: chrome=114.0.5735.110)
For documentation on this error, please visit: https://www.seleniumhq.org/exceptions/no_such_element.html
Build info: version: '3.141.59', revision: 'e82be7d358', time: '2018-11-14T08:17:03'
System info: host: 'HP', ip: '192.168.0.130', os.name: 'Windows 11', os.arch: 'amd64', os.version: '10.0', java.version: '1.8.0_361'
Driver info: org.openqa.selenium.chrome.ChromeDriver
Capabilities {acceptInsecureCerts: false, browserName: chrome, browserVersion: 114.0.5735.110, chrome: {chromedriverVersion: 114.0.5735.90 (386bc09e8f4f..., userDataDir: C:\Users\melek\AppData\Loca...}, goog:chromeOptions: {debuggerAddress: localhost:51483}, javascriptEnabled: true, networkConnectionEnabled: false, pageLoadStrategy: normal, platform: WINDOWS, platformName: WINDOWS, proxy: Proxy(), setWindowRect: true, strictFileInteractability: false, timeouts: {implicit: 0, pageLoad: 300000, script: 30000}, unhandledPromptBehavior: dismiss and notify, webauthn:extension:credBlob: true, webauthn:extension:largeBlob: true, webauthn:extension:minPinLength: true, webauthn:extension:prf: true, webauthn:virtualAuthenticators: true}
Session ID: 0b36be23f3377f0e077e4e20e5296f7d
*** Element info: {Using=css selector, value=input[id='first_name]}
at sun.reflect.NativeConstructorAccessorImpl.newInstance0(Native Method)
at sun.reflect.NativeConstructorAccessorImpl.newInstance(NativeConstructorAccessorImpl.java:62)
at sun.reflect.DelegatingConstructorAccessorImpl.newInstance(DelegatingConstructorAccessorImpl.java:45)
at java.lang.reflect.Constructor.newInstance(Constructor.java:423)
at org.openqa.selenium.remote.http.W3CHttpResponseCodec.createException(W3CHttpResponseCodec.java:187)
at org.openqa.selenium.remote.http.W3CHttpResponseCodec.decode(W3CHttpResponseCodec.java:122)
at org.openqa.selenium.remote.http.W3CHttpResponseCodec.decode(W3CHttpResponseCodec.java:49)
at org.openqa.selenium.remote.HttpCommandExecutor.execute(HttpCommandExecutor.java:158)
at org.openqa.selenium.remote.service.DriverCommandExecutor.execute(DriverCommandExecutor.java:83)
at org.openqa.selenium.remote.RemoteWebDriver.execute(RemoteWebDriver.java:552)
at org.openqa.selenium.remote.RemoteWebDriver.findElement(RemoteWebDriver.java:323)
at org.openqa.selenium.remote.RemoteWebDriver.findElementByCssSelector(RemoteWebDriver.java:420)
at org.openqa.selenium.By$ByCssSelector.findElement(By.java:431)
at org.openqa.selenium.remote.RemoteWebDriver.findElement(RemoteWebDriver.java:315)
at scripts._13_IFrameTest.validateTheFormSubmission(_13_IFrameTest.java:50)
at sun.reflect.NativeMethodAccessorImpl.invoke0(Native Method)
at sun.reflect.NativeMethodAccessorImpl.invoke(NativeMethodAccessorImpl.java:62)
at sun.reflect.DelegatingMethodAccessorImpl.invoke(DelegatingMethodAccessorImpl.java:43)
at java.lang.reflect.Method.invoke(Method.java:498)
at org.testng.internal.MethodInvocationHelper.invokeMethod(MethodInvocationHelper.java:134)
at org.testng.internal.TestInvoker.invokeMethod(TestInvoker.java:597)
at org.testng.internal.TestInvoker.invokeTestMethod(TestInvoker.java:173)
at org.testng.internal.MethodRunner.runInSequence(MethodRunner.java:46)
at org.testng.internal.TestInvoker$MethodInvocationAgent.invoke(TestInvoker.java:816)
at org.testng.internal.TestInvoker.invokeTestMethods(TestInvoker.java:146)
at org.testng.internal.TestMethodWorker.invokeTestMethods(TestMethodWorker.java:146)
at org.testng.internal.TestMethodWorker.run(TestMethodWorker.java:128)
at java.util.ArrayList.forEach(ArrayList.java:1259)
at org.testng.TestRunner.privateRun(TestRunner.java:766)
at org.testng.TestRunner.run(TestRunner.java:587)
at org.testng.SuiteRunner.runTest(SuiteRunner.java:384)
at org.testng.SuiteRunner.runSequentially(SuiteRunner.java:378)
at org.testng.SuiteRunner.privateRun(SuiteRunner.java:337)
at org.testng.SuiteRunner.run(SuiteRunner.java:286)
at org.testng.SuiteRunnerWorker.runSuite(SuiteRunnerWorker.java:53)
at org.testng.SuiteRunnerWorker.run(SuiteRunnerWorker.java:96)
at org.testng.TestNG.runSuitesSequentially(TestNG.java:1187)
at org.testng.TestNG.runSuitesLocally(TestNG.java:1109)
at org.testng.TestNG.runSuites(TestNG.java:1039)
at org.testng.TestNG.run(TestNG.java:1007)
at org.apache.maven.surefire.testng.TestNGExecutor.run(TestNGExecutor.java:155)
at org.apache.maven.surefire.testng.TestNGDirectoryTestSuite.executeMulti(TestNGDirectoryTestSuite.java:169)
at org.apache.maven.surefire.testng.TestNGDirectoryTestSuite.execute(TestNGDirectoryTestSuite.java:88)
at org.apache.maven.surefire.testng.TestNGProvider.invoke(TestNGProvider.java:137)
at org.apache.maven.surefire.booter.ForkedBooter.runSuitesInProcess(ForkedBooter.java:385)
at org.apache.maven.surefire.booter.ForkedBooter.execute(ForkedBooter.java:162)
at org.apache.maven.surefire.booter.ForkedBooter.run(ForkedBooter.java:507)
at org.apache.maven.surefire.booter.ForkedBooter.main(ForkedBooter.java:495)
]]>
            </full-stacktrace>
          </exception> <!-- org.openqa.selenium.NoSuchElementException -->
          <reporter-output>
          </reporter-output>
        </test-method> <!-- validateTheFormSubmission -->
        <test-method status="PASS" signature="tearDown()[pri:0, instance:scripts._13_IFrameTest@1c3a4799]" name="tearDown" is-config="true" duration-ms="727" started-at="2023-06-12T18:50:56 EDT" finished-at="2023-06-12T18:50:57 EDT">
          <reporter-output>
          </reporter-output>
        </test-method> <!-- tearDown -->
      </class> <!-- scripts._13_IFrameTest -->
      <class name="scripts._01_ProjectTest">
        <test-method status="PASS" signature="setUp()[pri:0, instance:scripts._01_ProjectTest@9660f4e]" name="setUp" is-config="true" duration-ms="2148" started-at="2023-06-12T18:43:35 EDT" finished-at="2023-06-12T18:43:37 EDT">
          <reporter-output>
          </reporter-output>
        </test-method> <!-- setUp -->
        <test-method status="PASS" signature="setPage()[pri:0, instance:scripts._01_ProjectTest@9660f4e]" name="setPage" is-config="true" duration-ms="1169" started-at="2023-06-12T18:43:37 EDT" finished-at="2023-06-12T18:43:38 EDT">
          <reporter-output>
          </reporter-output>
        </test-method> <!-- setPage -->
        <test-method status="FAIL" signature="validateContactUsInfo()[pri:1, instance:scripts._01_ProjectTest@9660f4e]" name="validateContactUsInfo" duration-ms="354" started-at="2023-06-12T18:43:38 EDT" finished-at="2023-06-12T18:43:39 EDT">
          <exception class="java.lang.AssertionError">
            <message>
              <![CDATA[expected [2860 S River Rd Suite 350, Des Plaines IL 60018] but found [2860 S River Rd Suite 480, Des Plaines, IL 60018]]]>
            </message>
            <full-stacktrace>
              <![CDATA[java.lang.AssertionError: expected [2860 S River Rd Suite 350, Des Plaines IL 60018] but found [2860 S River Rd Suite 480, Des Plaines, IL 60018]
at org.testng.Assert.fail(Assert.java:97)
at org.testng.Assert.assertEqualsImpl(Assert.java:136)
at org.testng.Assert.assertEquals(Assert.java:118)
at org.testng.Assert.assertEquals(Assert.java:575)
at org.testng.Assert.assertEquals(Assert.java:585)
at scripts._01_ProjectTest.validateContactUsInfo(_01_ProjectTest.java:38)
at sun.reflect.NativeMethodAccessorImpl.invoke0(Native Method)
at sun.reflect.NativeMethodAccessorImpl.invoke(NativeMethodAccessorImpl.java:62)
at sun.reflect.DelegatingMethodAccessorImpl.invoke(DelegatingMethodAccessorImpl.java:43)
at java.lang.reflect.Method.invoke(Method.java:498)
at org.testng.internal.MethodInvocationHelper.invokeMethod(MethodInvocationHelper.java:134)
at org.testng.internal.TestInvoker.invokeMethod(TestInvoker.java:597)
at org.testng.internal.TestInvoker.invokeTestMethod(TestInvoker.java:173)
at org.testng.internal.MethodRunner.runInSequence(MethodRunner.java:46)
at org.testng.internal.TestInvoker$MethodInvocationAgent.invoke(TestInvoker.java:816)
at org.testng.internal.TestInvoker.invokeTestMethods(TestInvoker.java:146)
at org.testng.internal.TestMethodWorker.invokeTestMethods(TestMethodWorker.java:146)
at org.testng.internal.TestMethodWorker.run(TestMethodWorker.java:128)
at java.util.ArrayList.forEach(ArrayList.java:1259)
at org.testng.TestRunner.privateRun(TestRunner.java:766)
at org.testng.TestRunner.run(TestRunner.java:587)
at org.testng.SuiteRunner.runTest(SuiteRunner.java:384)
at org.testng.SuiteRunner.runSequentially(SuiteRunner.java:378)
at org.testng.SuiteRunner.privateRun(SuiteRunner.java:337)
at org.testng.SuiteRunner.run(SuiteRunner.java:286)
at org.testng.SuiteRunnerWorker.runSuite(SuiteRunnerWorker.java:53)
at org.testng.SuiteRunnerWorker.run(SuiteRunnerWorker.java:96)
at org.testng.TestNG.runSuitesSequentially(TestNG.java:1187)
at org.testng.TestNG.runSuitesLocally(TestNG.java:1109)
at org.testng.TestNG.runSuites(TestNG.java:1039)
at org.testng.TestNG.run(TestNG.java:1007)
at org.apache.maven.surefire.testng.TestNGExecutor.run(TestNGExecutor.java:155)
at org.apache.maven.surefire.testng.TestNGDirectoryTestSuite.executeMulti(TestNGDirectoryTestSuite.java:169)
at org.apache.maven.surefire.testng.TestNGDirectoryTestSuite.execute(TestNGDirectoryTestSuite.java:88)
at org.apache.maven.surefire.testng.TestNGProvider.invoke(TestNGProvider.java:137)
at org.apache.maven.surefire.booter.ForkedBooter.runSuitesInProcess(ForkedBooter.java:385)
at org.apache.maven.surefire.booter.ForkedBooter.execute(ForkedBooter.java:162)
at org.apache.maven.surefire.booter.ForkedBooter.run(ForkedBooter.java:507)
at org.apache.maven.surefire.booter.ForkedBooter.main(ForkedBooter.java:495)
]]>
            </full-stacktrace>
          </exception> <!-- java.lang.AssertionError -->
          <reporter-output>
          </reporter-output>
        </test-method> <!-- validateContactUsInfo -->
        <test-method status="PASS" signature="tearDown()[pri:0, instance:scripts._01_ProjectTest@9660f4e]" name="tearDown" is-config="true" duration-ms="754" started-at="2023-06-12T18:43:39 EDT" finished-at="2023-06-12T18:43:39 EDT">
          <reporter-output>
          </reporter-output>
        </test-method> <!-- tearDown -->
        <test-method status="PASS" signature="setUp()[pri:0, instance:scripts._01_ProjectTest@9660f4e]" name="setUp" is-config="true" duration-ms="2499" started-at="2023-06-12T18:43:39 EDT" finished-at="2023-06-12T18:43:42 EDT">
          <reporter-output>
          </reporter-output>
        </test-method> <!-- setUp -->
        <test-method status="PASS" signature="setPage()[pri:0, instance:scripts._01_ProjectTest@9660f4e]" name="setPage" is-config="true" duration-ms="1090" started-at="2023-06-12T18:43:42 EDT" finished-at="2023-06-12T18:43:43 EDT">
          <reporter-output>
          </reporter-output>
        </test-method> <!-- setPage -->
        <test-method status="FAIL" signature="validateFullNameInputBox()[pri:2, instance:scripts._01_ProjectTest@9660f4e]" name="validateFullNameInputBox" duration-ms="278" started-at="2023-06-12T18:43:43 EDT" finished-at="2023-06-12T18:43:43 EDT">
          <exception class="java.lang.AssertionError">
            <message>
              <![CDATA[expected [Enter your  name] but found [Enter your full name]]]>
            </message>
            <full-stacktrace>
              <![CDATA[java.lang.AssertionError: expected [Enter your  name] but found [Enter your full name]
at org.testng.Assert.fail(Assert.java:97)
at org.testng.Assert.assertEqualsImpl(Assert.java:136)
at org.testng.Assert.assertEquals(Assert.java:118)
at org.testng.Assert.assertEquals(Assert.java:575)
at org.testng.Assert.assertEquals(Assert.java:585)
at scripts._01_ProjectTest.validateFullNameInputBox(_01_ProjectTest.java:61)
at sun.reflect.NativeMethodAccessorImpl.invoke0(Native Method)
at sun.reflect.NativeMethodAccessorImpl.invoke(NativeMethodAccessorImpl.java:62)
at sun.reflect.DelegatingMethodAccessorImpl.invoke(DelegatingMethodAccessorImpl.java:43)
at java.lang.reflect.Method.invoke(Method.java:498)
at org.testng.internal.MethodInvocationHelper.invokeMethod(MethodInvocationHelper.java:134)
at org.testng.internal.TestInvoker.invokeMethod(TestInvoker.java:597)
at org.testng.internal.TestInvoker.invokeTestMethod(TestInvoker.java:173)
at org.testng.internal.MethodRunner.runInSequence(MethodRunner.java:46)
at org.testng.internal.TestInvoker$MethodInvocationAgent.invoke(TestInvoker.java:816)
at org.testng.internal.TestInvoker.invokeTestMethods(TestInvoker.java:146)
at org.testng.internal.TestMethodWorker.invokeTestMethods(TestMethodWorker.java:146)
at org.testng.internal.TestMethodWorker.run(TestMethodWorker.java:128)
at java.util.ArrayList.forEach(ArrayList.java:1259)
at org.testng.TestRunner.privateRun(TestRunner.java:766)
at org.testng.TestRunner.run(TestRunner.java:587)
at org.testng.SuiteRunner.runTest(SuiteRunner.java:384)
at org.testng.SuiteRunner.runSequentially(SuiteRunner.java:378)
at org.testng.SuiteRunner.privateRun(SuiteRunner.java:337)
at org.testng.SuiteRunner.run(SuiteRunner.java:286)
at org.testng.SuiteRunnerWorker.runSuite(SuiteRunnerWorker.java:53)
at org.testng.SuiteRunnerWorker.run(SuiteRunnerWorker.java:96)
at org.testng.TestNG.runSuitesSequentially(TestNG.java:1187)
at org.testng.TestNG.runSuitesLocally(TestNG.java:1109)
at org.testng.TestNG.runSuites(TestNG.java:1039)
at org.testng.TestNG.run(TestNG.java:1007)
at org.apache.maven.surefire.testng.TestNGExecutor.run(TestNGExecutor.java:155)
at org.apache.maven.surefire.testng.TestNGDirectoryTestSuite.executeMulti(TestNGDirectoryTestSuite.java:169)
at org.apache.maven.surefire.testng.TestNGDirectoryTestSuite.execute(TestNGDirectoryTestSuite.java:88)
at org.apache.maven.surefire.testng.TestNGProvider.invoke(TestNGProvider.java:137)
at org.apache.maven.surefire.booter.ForkedBooter.runSuitesInProcess(ForkedBooter.java:385)
at org.apache.maven.surefire.booter.ForkedBooter.execute(ForkedBooter.java:162)
at org.apache.maven.surefire.booter.ForkedBooter.run(ForkedBooter.java:507)
at org.apache.maven.surefire.booter.ForkedBooter.main(ForkedBooter.java:495)
]]>
            </full-stacktrace>
          </exception> <!-- java.lang.AssertionError -->
          <reporter-output>
          </reporter-output>
        </test-method> <!-- validateFullNameInputBox -->
        <test-method status="PASS" signature="tearDown()[pri:0, instance:scripts._01_ProjectTest@9660f4e]" name="tearDown" is-config="true" duration-ms="808" started-at="2023-06-12T18:43:43 EDT" finished-at="2023-06-12T18:43:44 EDT">
          <reporter-output>
          </reporter-output>
        </test-method> <!-- tearDown -->
        <test-method status="PASS" signature="setUp()[pri:0, instance:scripts._01_ProjectTest@9660f4e]" name="setUp" is-config="true" duration-ms="1949" started-at="2023-06-12T18:43:44 EDT" finished-at="2023-06-12T18:43:46 EDT">
          <reporter-output>
          </reporter-output>
        </test-method> <!-- setUp -->
        <test-method status="PASS" signature="setPage()[pri:0, instance:scripts._01_ProjectTest@9660f4e]" name="setPage" is-config="true" duration-ms="1052" started-at="2023-06-12T18:43:46 EDT" finished-at="2023-06-12T18:43:47 EDT">
          <reporter-output>
          </reporter-output>
        </test-method> <!-- setPage -->
        <test-method status="FAIL" signature="validateGenderRadioButton()[pri:3, instance:scripts._01_ProjectTest@9660f4e]" name="validateGenderRadioButton" duration-ms="72" started-at="2023-06-12T18:43:47 EDT" finished-at="2023-06-12T18:43:47 EDT">
          <exception class="java.lang.AssertionError">
            <message>
              <![CDATA[expected [Gender] but found [Gender *]]]>
            </message>
            <full-stacktrace>
              <![CDATA[java.lang.AssertionError: expected [Gender] but found [Gender *]
at org.testng.Assert.fail(Assert.java:97)
at org.testng.Assert.assertEqualsImpl(Assert.java:136)
at org.testng.Assert.assertEquals(Assert.java:118)
at org.testng.Assert.assertEquals(Assert.java:575)
at org.testng.Assert.assertEquals(Assert.java:585)
at scripts._01_ProjectTest.validateGenderRadioButton(_01_ProjectTest.java:77)
at sun.reflect.NativeMethodAccessorImpl.invoke0(Native Method)
at sun.reflect.NativeMethodAccessorImpl.invoke(NativeMethodAccessorImpl.java:62)
at sun.reflect.DelegatingMethodAccessorImpl.invoke(DelegatingMethodAccessorImpl.java:43)
at java.lang.reflect.Method.invoke(Method.java:498)
at org.testng.internal.MethodInvocationHelper.invokeMethod(MethodInvocationHelper.java:134)
at org.testng.internal.TestInvoker.invokeMethod(TestInvoker.java:597)
at org.testng.internal.TestInvoker.invokeTestMethod(TestInvoker.java:173)
at org.testng.internal.MethodRunner.runInSequence(MethodRunner.java:46)
at org.testng.internal.TestInvoker$MethodInvocationAgent.invoke(TestInvoker.java:816)
at org.testng.internal.TestInvoker.invokeTestMethods(TestInvoker.java:146)
at org.testng.internal.TestMethodWorker.invokeTestMethods(TestMethodWorker.java:146)
at org.testng.internal.TestMethodWorker.run(TestMethodWorker.java:128)
at java.util.ArrayList.forEach(ArrayList.java:1259)
at org.testng.TestRunner.privateRun(TestRunner.java:766)
at org.testng.TestRunner.run(TestRunner.java:587)
at org.testng.SuiteRunner.runTest(SuiteRunner.java:384)
at org.testng.SuiteRunner.runSequentially(SuiteRunner.java:378)
at org.testng.SuiteRunner.privateRun(SuiteRunner.java:337)
at org.testng.SuiteRunner.run(SuiteRunner.java:286)
at org.testng.SuiteRunnerWorker.runSuite(SuiteRunnerWorker.java:53)
at org.testng.SuiteRunnerWorker.run(SuiteRunnerWorker.java:96)
at org.testng.TestNG.runSuitesSequentially(TestNG.java:1187)
at org.testng.TestNG.runSuitesLocally(TestNG.java:1109)
at org.testng.TestNG.runSuites(TestNG.java:1039)
at org.testng.TestNG.run(TestNG.java:1007)
at org.apache.maven.surefire.testng.TestNGExecutor.run(TestNGExecutor.java:155)
at org.apache.maven.surefire.testng.TestNGDirectoryTestSuite.executeMulti(TestNGDirectoryTestSuite.java:169)
at org.apache.maven.surefire.testng.TestNGDirectoryTestSuite.execute(TestNGDirectoryTestSuite.java:88)
at org.apache.maven.surefire.testng.TestNGProvider.invoke(TestNGProvider.java:137)
at org.apache.maven.surefire.booter.ForkedBooter.runSuitesInProcess(ForkedBooter.java:385)
at org.apache.maven.surefire.booter.ForkedBooter.execute(ForkedBooter.java:162)
at org.apache.maven.surefire.booter.ForkedBooter.run(ForkedBooter.java:507)
at org.apache.maven.surefire.booter.ForkedBooter.main(ForkedBooter.java:495)
]]>
            </full-stacktrace>
          </exception> <!-- java.lang.AssertionError -->
          <reporter-output>
          </reporter-output>
        </test-method> <!-- validateGenderRadioButton -->
        <test-method status="PASS" signature="tearDown()[pri:0, instance:scripts._01_ProjectTest@9660f4e]" name="tearDown" is-config="true" duration-ms="854" started-at="2023-06-12T18:43:47 EDT" finished-at="2023-06-12T18:43:48 EDT">
          <reporter-output>
          </reporter-output>
        </test-method> <!-- tearDown -->
        <test-method status="PASS" signature="setUp()[pri:0, instance:scripts._01_ProjectTest@9660f4e]" name="setUp" is-config="true" duration-ms="1946" started-at="2023-06-12T18:43:48 EDT" finished-at="2023-06-12T18:43:50 EDT">
          <reporter-output>
          </reporter-output>
        </test-method> <!-- setUp -->
        <test-method status="PASS" signature="setPage()[pri:0, instance:scripts._01_ProjectTest@9660f4e]" name="setPage" is-config="true" duration-ms="1093" started-at="2023-06-12T18:43:50 EDT" finished-at="2023-06-12T18:43:51 EDT">
          <reporter-output>
          </reporter-output>
        </test-method> <!-- setPage -->
        <test-method status="PASS" signature="validateAddress()[pri:4, instance:scripts._01_ProjectTest@9660f4e]" name="validateAddress" duration-ms="284" started-at="2023-06-12T18:43:51 EDT" finished-at="2023-06-12T18:43:51 EDT">
          <reporter-output>
          </reporter-output>
        </test-method> <!-- validateAddress -->
        <test-method status="PASS" signature="tearDown()[pri:0, instance:scripts._01_ProjectTest@9660f4e]" name="tearDown" is-config="true" duration-ms="786" started-at="2023-06-12T18:43:51 EDT" finished-at="2023-06-12T18:43:52 EDT">
          <reporter-output>
          </reporter-output>
        </test-method> <!-- tearDown -->
        <test-method status="PASS" signature="setUp()[pri:0, instance:scripts._01_ProjectTest@9660f4e]" name="setUp" is-config="true" duration-ms="2217" started-at="2023-06-12T18:43:52 EDT" finished-at="2023-06-12T18:43:54 EDT">
          <reporter-output>
          </reporter-output>
        </test-method> <!-- setUp -->
        <test-method status="PASS" signature="setPage()[pri:0, instance:scripts._01_ProjectTest@9660f4e]" name="setPage" is-config="true" duration-ms="1011" started-at="2023-06-12T18:43:54 EDT" finished-at="2023-06-12T18:43:55 EDT">
          <reporter-output>
          </reporter-output>
        </test-method> <!-- setPage -->
        <test-method status="FAIL" signature="validateEmail()[pri:5, instance:scripts._01_ProjectTest@9660f4e]" name="validateEmail" duration-ms="159" started-at="2023-06-12T18:43:55 EDT" finished-at="2023-06-12T18:43:56 EDT">
          <exception class="java.lang.AssertionError">
            <message>
              <![CDATA[expected [Email] but found [Email *]]]>
            </message>
            <full-stacktrace>
              <![CDATA[java.lang.AssertionError: expected [Email] but found [Email *]
at org.testng.Assert.fail(Assert.java:97)
at org.testng.Assert.assertEqualsImpl(Assert.java:136)
at org.testng.Assert.assertEquals(Assert.java:118)
at org.testng.Assert.assertEquals(Assert.java:575)
at org.testng.Assert.assertEquals(Assert.java:585)
at scripts._01_ProjectTest.validateEmail(_01_ProjectTest.java:131)
at sun.reflect.NativeMethodAccessorImpl.invoke0(Native Method)
at sun.reflect.NativeMethodAccessorImpl.invoke(NativeMethodAccessorImpl.java:62)
at sun.reflect.DelegatingMethodAccessorImpl.invoke(DelegatingMethodAccessorImpl.java:43)
at java.lang.reflect.Method.invoke(Method.java:498)
at org.testng.internal.MethodInvocationHelper.invokeMethod(MethodInvocationHelper.java:134)
at org.testng.internal.TestInvoker.invokeMethod(TestInvoker.java:597)
at org.testng.internal.TestInvoker.invokeTestMethod(TestInvoker.java:173)
at org.testng.internal.MethodRunner.runInSequence(MethodRunner.java:46)
at org.testng.internal.TestInvoker$MethodInvocationAgent.invoke(TestInvoker.java:816)
at org.testng.internal.TestInvoker.invokeTestMethods(TestInvoker.java:146)
at org.testng.internal.TestMethodWorker.invokeTestMethods(TestMethodWorker.java:146)
at org.testng.internal.TestMethodWorker.run(TestMethodWorker.java:128)
at java.util.ArrayList.forEach(ArrayList.java:1259)
at org.testng.TestRunner.privateRun(TestRunner.java:766)
at org.testng.TestRunner.run(TestRunner.java:587)
at org.testng.SuiteRunner.runTest(SuiteRunner.java:384)
at org.testng.SuiteRunner.runSequentially(SuiteRunner.java:378)
at org.testng.SuiteRunner.privateRun(SuiteRunner.java:337)
at org.testng.SuiteRunner.run(SuiteRunner.java:286)
at org.testng.SuiteRunnerWorker.runSuite(SuiteRunnerWorker.java:53)
at org.testng.SuiteRunnerWorker.run(SuiteRunnerWorker.java:96)
at org.testng.TestNG.runSuitesSequentially(TestNG.java:1187)
at org.testng.TestNG.runSuitesLocally(TestNG.java:1109)
at org.testng.TestNG.runSuites(TestNG.java:1039)
at org.testng.TestNG.run(TestNG.java:1007)
at org.apache.maven.surefire.testng.TestNGExecutor.run(TestNGExecutor.java:155)
at org.apache.maven.surefire.testng.TestNGDirectoryTestSuite.executeMulti(TestNGDirectoryTestSuite.java:169)
at org.apache.maven.surefire.testng.TestNGDirectoryTestSuite.execute(TestNGDirectoryTestSuite.java:88)
at org.apache.maven.surefire.testng.TestNGProvider.invoke(TestNGProvider.java:137)
at org.apache.maven.surefire.booter.ForkedBooter.runSuitesInProcess(ForkedBooter.java:385)
at org.apache.maven.surefire.booter.ForkedBooter.execute(ForkedBooter.java:162)
at org.apache.maven.surefire.booter.ForkedBooter.run(ForkedBooter.java:507)
at org.apache.maven.surefire.booter.ForkedBooter.main(ForkedBooter.java:495)
]]>
            </full-stacktrace>
          </exception> <!-- java.lang.AssertionError -->
          <reporter-output>
          </reporter-output>
        </test-method> <!-- validateEmail -->
        <test-method status="PASS" signature="tearDown()[pri:0, instance:scripts._01_ProjectTest@9660f4e]" name="tearDown" is-config="true" duration-ms="745" started-at="2023-06-12T18:43:56 EDT" finished-at="2023-06-12T18:43:56 EDT">
          <reporter-output>
          </reporter-output>
        </test-method> <!-- tearDown -->
        <test-method status="PASS" signature="setUp()[pri:0, instance:scripts._01_ProjectTest@9660f4e]" name="setUp" is-config="true" duration-ms="1921" started-at="2023-06-12T18:43:56 EDT" finished-at="2023-06-12T18:43:58 EDT">
          <reporter-output>
          </reporter-output>
        </test-method> <!-- setUp -->
        <test-method status="PASS" signature="setPage()[pri:0, instance:scripts._01_ProjectTest@9660f4e]" name="setPage" is-config="true" duration-ms="1151" started-at="2023-06-12T18:43:58 EDT" finished-at="2023-06-12T18:43:59 EDT">
          <reporter-output>
          </reporter-output>
        </test-method> <!-- setPage -->
        <test-method status="PASS" signature="validatePhone()[pri:6, instance:scripts._01_ProjectTest@9660f4e]" name="validatePhone" duration-ms="329" started-at="2023-06-12T18:43:59 EDT" finished-at="2023-06-12T18:44:00 EDT">
          <reporter-output>
          </reporter-output>
        </test-method> <!-- validatePhone -->
        <test-method status="PASS" signature="tearDown()[pri:0, instance:scripts._01_ProjectTest@9660f4e]" name="tearDown" is-config="true" duration-ms="785" started-at="2023-06-12T18:44:00 EDT" finished-at="2023-06-12T18:44:01 EDT">
          <reporter-output>
          </reporter-output>
        </test-method> <!-- tearDown -->
        <test-method status="PASS" signature="setUp()[pri:0, instance:scripts._01_ProjectTest@9660f4e]" name="setUp" is-config="true" duration-ms="2233" started-at="2023-06-12T18:44:01 EDT" finished-at="2023-06-12T18:44:03 EDT">
          <reporter-output>
          </reporter-output>
        </test-method> <!-- setUp -->
        <test-method status="PASS" signature="setPage()[pri:0, instance:scripts._01_ProjectTest@9660f4e]" name="setPage" is-config="true" duration-ms="1049" started-at="2023-06-12T18:44:03 EDT" finished-at="2023-06-12T18:44:04 EDT">
          <reporter-output>
          </reporter-output>
        </test-method> <!-- setPage -->
        <test-method status="PASS" signature="validateMessage()[pri:7, instance:scripts._01_ProjectTest@9660f4e]" name="validateMessage" duration-ms="222" started-at="2023-06-12T18:44:04 EDT" finished-at="2023-06-12T18:44:04 EDT">
          <reporter-output>
          </reporter-output>
        </test-method> <!-- validateMessage -->
        <test-method status="PASS" signature="tearDown()[pri:0, instance:scripts._01_ProjectTest@9660f4e]" name="tearDown" is-config="true" duration-ms="799" started-at="2023-06-12T18:44:04 EDT" finished-at="2023-06-12T18:44:05 EDT">
          <reporter-output>
          </reporter-output>
        </test-method> <!-- tearDown -->
        <test-method status="PASS" signature="setUp()[pri:0, instance:scripts._01_ProjectTest@9660f4e]" name="setUp" is-config="true" duration-ms="1895" started-at="2023-06-12T18:44:05 EDT" finished-at="2023-06-12T18:44:07 EDT">
          <reporter-output>
          </reporter-output>
        </test-method> <!-- setUp -->
        <test-method status="PASS" signature="setPage()[pri:0, instance:scripts._01_ProjectTest@9660f4e]" name="setPage" is-config="true" duration-ms="929" started-at="2023-06-12T18:44:07 EDT" finished-at="2023-06-12T18:44:08 EDT">
          <reporter-output>
          </reporter-output>
        </test-method> <!-- setPage -->
        <test-method status="PASS" signature="validateConsentCheckBox()[pri:8, instance:scripts._01_ProjectTest@9660f4e]" name="validateConsentCheckBox" duration-ms="301" started-at="2023-06-12T18:44:08 EDT" finished-at="2023-06-12T18:44:08 EDT">
          <reporter-output>
          </reporter-output>
        </test-method> <!-- validateConsentCheckBox -->
        <test-method status="PASS" signature="tearDown()[pri:0, instance:scripts._01_ProjectTest@9660f4e]" name="tearDown" is-config="true" duration-ms="752" started-at="2023-06-12T18:44:08 EDT" finished-at="2023-06-12T18:44:09 EDT">
          <reporter-output>
          </reporter-output>
        </test-method> <!-- tearDown -->
        <test-method status="PASS" signature="setUp()[pri:0, instance:scripts._01_ProjectTest@9660f4e]" name="setUp" is-config="true" duration-ms="2179" started-at="2023-06-12T18:44:09 EDT" finished-at="2023-06-12T18:44:11 EDT">
          <reporter-output>
          </reporter-output>
        </test-method> <!-- setUp -->
        <test-method status="PASS" signature="setPage()[pri:0, instance:scripts._01_ProjectTest@9660f4e]" name="setPage" is-config="true" duration-ms="1078" started-at="2023-06-12T18:44:11 EDT" finished-at="2023-06-12T18:44:12 EDT">
          <reporter-output>
          </reporter-output>
        </test-method> <!-- setPage -->
        <test-method status="PASS" signature="validateInfoSubmitting()[pri:9, instance:scripts._01_ProjectTest@9660f4e]" name="validateInfoSubmitting" duration-ms="5182" started-at="2023-06-12T18:44:12 EDT" finished-at="2023-06-12T18:44:17 EDT">
          <reporter-output>
          </reporter-output>
        </test-method> <!-- validateInfoSubmitting -->
        <test-method status="PASS" signature="tearDown()[pri:0, instance:scripts._01_ProjectTest@9660f4e]" name="tearDown" is-config="true" duration-ms="853" started-at="2023-06-12T18:44:17 EDT" finished-at="2023-06-12T18:44:18 EDT">
          <reporter-output>
          </reporter-output>
        </test-method> <!-- tearDown -->
        <test-method status="PASS" signature="setUp()[pri:0, instance:scripts._01_ProjectTest@9660f4e]" name="setUp" is-config="true" duration-ms="1889" started-at="2023-06-12T18:44:18 EDT" finished-at="2023-06-12T18:44:20 EDT">
          <reporter-output>
          </reporter-output>
        </test-method> <!-- setUp -->
        <test-method status="PASS" signature="setPage()[pri:0, instance:scripts._01_ProjectTest@9660f4e]" name="setPage" is-config="true" duration-ms="1046" started-at="2023-06-12T18:44:20 EDT" finished-at="2023-06-12T18:44:21 EDT">
          <reporter-output>
          </reporter-output>
        </test-method> <!-- setPage -->
        <test-method status="PASS" signature="validateSubmit()[pri:9, instance:scripts._01_ProjectTest@9660f4e]" name="validateSubmit" duration-ms="107" started-at="2023-06-12T18:44:21 EDT" finished-at="2023-06-12T18:44:21 EDT">
          <reporter-output>
          </reporter-output>
        </test-method> <!-- validateSubmit -->
        <test-method status="PASS" signature="tearDown()[pri:0, instance:scripts._01_ProjectTest@9660f4e]" name="tearDown" is-config="true" duration-ms="738" started-at="2023-06-12T18:44:21 EDT" finished-at="2023-06-12T18:44:22 EDT">
          <reporter-output>
          </reporter-output>
        </test-method> <!-- tearDown -->
      </class> <!-- scripts._01_ProjectTest -->
      <class name="scripts._01_GoogleTest">
        <test-method status="PASS" signature="setup()[pri:0, instance:scripts._01_GoogleTest@7c29daf3]" name="setup" is-config="true" duration-ms="5856" started-at="2023-06-12T18:42:52 EDT" finished-at="2023-06-12T18:42:58 EDT">
          <reporter-output>
          </reporter-output>
        </test-method> <!-- setup -->
        <test-method status="PASS" signature="validateNavigation()[pri:0, instance:scripts._01_GoogleTest@7c29daf3]" name="validateNavigation" duration-ms="11305" started-at="2023-06-12T18:42:58 EDT" finished-at="2023-06-12T18:43:09 EDT">
          <reporter-output>
          </reporter-output>
        </test-method> <!-- validateNavigation -->
        <test-method status="PASS" signature="tearDown()[pri:0, instance:scripts._01_GoogleTest@7c29daf3]" name="tearDown" is-config="true" duration-ms="3766" started-at="2023-06-12T18:43:09 EDT" finished-at="2023-06-12T18:43:13 EDT">
          <reporter-output>
          </reporter-output>
        </test-method> <!-- tearDown -->
        <test-method status="PASS" signature="setup()[pri:0, instance:scripts._01_GoogleTest@7c29daf3]" name="setup" is-config="true" duration-ms="2507" started-at="2023-06-12T18:43:13 EDT" finished-at="2023-06-12T18:43:15 EDT">
          <reporter-output>
          </reporter-output>
        </test-method> <!-- setup -->
        <test-method status="PASS" signature="validateSearchButton()[pri:0, instance:scripts._01_GoogleTest@7c29daf3]" name="validateSearchButton" duration-ms="146" started-at="2023-06-12T18:43:15 EDT" finished-at="2023-06-12T18:43:15 EDT">
          <reporter-output>
          </reporter-output>
        </test-method> <!-- validateSearchButton -->
        <test-method status="PASS" signature="tearDown()[pri:0, instance:scripts._01_GoogleTest@7c29daf3]" name="tearDown" is-config="true" duration-ms="3799" started-at="2023-06-12T18:43:15 EDT" finished-at="2023-06-12T18:43:19 EDT">
          <reporter-output>
          </reporter-output>
        </test-method> <!-- tearDown -->
        <test-method status="PASS" signature="setup()[pri:0, instance:scripts._01_GoogleTest@7c29daf3]" name="setup" is-config="true" duration-ms="2776" started-at="2023-06-12T18:43:19 EDT" finished-at="2023-06-12T18:43:22 EDT">
          <reporter-output>
          </reporter-output>
        </test-method> <!-- setup -->
        <test-method status="PASS" signature="validateTitleAndURL()[pri:1, instance:scripts._01_GoogleTest@7c29daf3]" name="validateTitleAndURL" duration-ms="37" started-at="2023-06-12T18:43:22 EDT" finished-at="2023-06-12T18:43:22 EDT">
          <reporter-output>
          </reporter-output>
        </test-method> <!-- validateTitleAndURL -->
        <test-method status="PASS" signature="tearDown()[pri:0, instance:scripts._01_GoogleTest@7c29daf3]" name="tearDown" is-config="true" duration-ms="3841" started-at="2023-06-12T18:43:22 EDT" finished-at="2023-06-12T18:43:26 EDT">
          <reporter-output>
          </reporter-output>
        </test-method> <!-- tearDown -->
        <test-method status="PASS" signature="setup()[pri:0, instance:scripts._01_GoogleTest@7c29daf3]" name="setup" is-config="true" duration-ms="4955" started-at="2023-06-12T18:43:26 EDT" finished-at="2023-06-12T18:43:31 EDT">
          <reporter-output>
          </reporter-output>
        </test-method> <!-- setup -->
        <test-method status="PASS" signature="validateSearchBar()[pri:2, instance:scripts._01_GoogleTest@7c29daf3]" name="validateSearchBar" duration-ms="154" started-at="2023-06-12T18:43:31 EDT" finished-at="2023-06-12T18:43:31 EDT">
          <reporter-output>
          </reporter-output>
        </test-method> <!-- validateSearchBar -->
        <test-method status="PASS" signature="tearDown()[pri:0, instance:scripts._01_GoogleTest@7c29daf3]" name="tearDown" is-config="true" duration-ms="4012" started-at="2023-06-12T18:43:31 EDT" finished-at="2023-06-12T18:43:35 EDT">
          <reporter-output>
          </reporter-output>
        </test-method> <!-- tearDown -->
      </class> <!-- scripts._01_GoogleTest -->
      <class name="scripts._06_WikiTest">
        <test-method status="PASS" signature="setUp()[pri:0, instance:scripts._06_WikiTest@2a17b7b6]" name="setUp" is-config="true" duration-ms="1888" started-at="2023-06-12T18:47:54 EDT" finished-at="2023-06-12T18:47:56 EDT">
          <reporter-output>
          </reporter-output>
        </test-method> <!-- setUp -->
        <test-method status="PASS" signature="setPage()[pri:0, instance:scripts._06_WikiTest@2a17b7b6]" name="setPage" is-config="true" duration-ms="818" started-at="2023-06-12T18:47:56 EDT" finished-at="2023-06-12T18:47:56 EDT">
          <reporter-output>
          </reporter-output>
        </test-method> <!-- setPage -->
        <test-method status="PASS" signature="validateWikiSearch1()[pri:0, instance:scripts._06_WikiTest@2a17b7b6]" name="validateWikiSearch1" duration-ms="784" started-at="2023-06-12T18:47:56 EDT" finished-at="2023-06-12T18:47:57 EDT">
          <reporter-output>
          </reporter-output>
        </test-method> <!-- validateWikiSearch1 -->
        <test-method status="PASS" signature="tearDown()[pri:0, instance:scripts._06_WikiTest@2a17b7b6]" name="tearDown" is-config="true" duration-ms="751" started-at="2023-06-12T18:47:57 EDT" finished-at="2023-06-12T18:47:58 EDT">
          <reporter-output>
          </reporter-output>
        </test-method> <!-- tearDown -->
        <test-method status="PASS" signature="setUp()[pri:0, instance:scripts._06_WikiTest@2a17b7b6]" name="setUp" is-config="true" duration-ms="2107" started-at="2023-06-12T18:47:58 EDT" finished-at="2023-06-12T18:48:00 EDT">
          <reporter-output>
          </reporter-output>
        </test-method> <!-- setUp -->
        <test-method status="PASS" signature="setPage()[pri:0, instance:scripts._06_WikiTest@2a17b7b6]" name="setPage" is-config="true" duration-ms="705" started-at="2023-06-12T18:48:00 EDT" finished-at="2023-06-12T18:48:01 EDT">
          <reporter-output>
          </reporter-output>
        </test-method> <!-- setPage -->
        <test-method status="PASS" signature="validateWikiSearch2()[pri:0, instance:scripts._06_WikiTest@2a17b7b6]" name="validateWikiSearch2" duration-ms="963" started-at="2023-06-12T18:48:01 EDT" finished-at="2023-06-12T18:48:02 EDT">
          <reporter-output>
          </reporter-output>
        </test-method> <!-- validateWikiSearch2 -->
        <test-method status="PASS" signature="tearDown()[pri:0, instance:scripts._06_WikiTest@2a17b7b6]" name="tearDown" is-config="true" duration-ms="950" started-at="2023-06-12T18:48:02 EDT" finished-at="2023-06-12T18:48:03 EDT">
          <reporter-output>
          </reporter-output>
        </test-method> <!-- tearDown -->
      </class> <!-- scripts._06_WikiTest -->
      <class name="scripts._21_EtsyTest">
        <test-method status="PASS" signature="setUp()[pri:0, instance:scripts._21_EtsyTest@7f13d6e]" name="setUp" is-config="true" duration-ms="1781" started-at="2023-06-12T18:55:07 EDT" finished-at="2023-06-12T18:55:09 EDT">
          <reporter-output>
          </reporter-output>
        </test-method> <!-- setUp -->
        <test-method status="PASS" signature="setPage()[pri:0, instance:scripts._21_EtsyTest@7f13d6e]" name="setPage" is-config="true" duration-ms="3238" started-at="2023-06-12T18:55:09 EDT" finished-at="2023-06-12T18:55:12 EDT">
          <reporter-output>
          </reporter-output>
        </test-method> <!-- setPage -->
        <test-method status="FAIL" signature="validateEtsyHeaderItems()[pri:1, instance:scripts._21_EtsyTest@7f13d6e]" name="validateEtsyHeaderItems" duration-ms="226" started-at="2023-06-12T18:55:12 EDT" description="TC123: Validate Etsy Header items" finished-at="2023-06-12T18:55:12 EDT">
          <exception class="java.lang.AssertionError">
            <message>
              <![CDATA[expected [Jewelry & Accessories] but found [Jewellery & Accessories]]]>
            </message>
            <full-stacktrace>
              <![CDATA[java.lang.AssertionError: expected [Jewelry & Accessories] but found [Jewellery & Accessories]
at org.testng.Assert.fail(Assert.java:97)
at org.testng.Assert.assertEqualsImpl(Assert.java:136)
at org.testng.Assert.assertEquals(Assert.java:118)
at org.testng.Assert.assertEquals(Assert.java:575)
at org.testng.Assert.assertEquals(Assert.java:585)
at scripts._21_EtsyTest.validateEtsyHeaderItems(_21_EtsyTest.java:32)
at sun.reflect.NativeMethodAccessorImpl.invoke0(Native Method)
at sun.reflect.NativeMethodAccessorImpl.invoke(NativeMethodAccessorImpl.java:62)
at sun.reflect.DelegatingMethodAccessorImpl.invoke(DelegatingMethodAccessorImpl.java:43)
at java.lang.reflect.Method.invoke(Method.java:498)
at org.testng.internal.MethodInvocationHelper.invokeMethod(MethodInvocationHelper.java:134)
at org.testng.internal.TestInvoker.invokeMethod(TestInvoker.java:597)
at org.testng.internal.TestInvoker.invokeTestMethod(TestInvoker.java:173)
at org.testng.internal.MethodRunner.runInSequence(MethodRunner.java:46)
at org.testng.internal.TestInvoker$MethodInvocationAgent.invoke(TestInvoker.java:816)
at org.testng.internal.TestInvoker.invokeTestMethods(TestInvoker.java:146)
at org.testng.internal.TestMethodWorker.invokeTestMethods(TestMethodWorker.java:146)
at org.testng.internal.TestMethodWorker.run(TestMethodWorker.java:128)
at java.util.ArrayList.forEach(ArrayList.java:1259)
at org.testng.TestRunner.privateRun(TestRunner.java:766)
at org.testng.TestRunner.run(TestRunner.java:587)
at org.testng.SuiteRunner.runTest(SuiteRunner.java:384)
at org.testng.SuiteRunner.runSequentially(SuiteRunner.java:378)
at org.testng.SuiteRunner.privateRun(SuiteRunner.java:337)
at org.testng.SuiteRunner.run(SuiteRunner.java:286)
at org.testng.SuiteRunnerWorker.runSuite(SuiteRunnerWorker.java:53)
at org.testng.SuiteRunnerWorker.run(SuiteRunnerWorker.java:96)
at org.testng.TestNG.runSuitesSequentially(TestNG.java:1187)
at org.testng.TestNG.runSuitesLocally(TestNG.java:1109)
at org.testng.TestNG.runSuites(TestNG.java:1039)
at org.testng.TestNG.run(TestNG.java:1007)
at org.apache.maven.surefire.testng.TestNGExecutor.run(TestNGExecutor.java:155)
at org.apache.maven.surefire.testng.TestNGDirectoryTestSuite.executeMulti(TestNGDirectoryTestSuite.java:169)
at org.apache.maven.surefire.testng.TestNGDirectoryTestSuite.execute(TestNGDirectoryTestSuite.java:88)
at org.apache.maven.surefire.testng.TestNGProvider.invoke(TestNGProvider.java:137)
at org.apache.maven.surefire.booter.ForkedBooter.runSuitesInProcess(ForkedBooter.java:385)
at org.apache.maven.surefire.booter.ForkedBooter.execute(ForkedBooter.java:162)
at org.apache.maven.surefire.booter.ForkedBooter.run(ForkedBooter.java:507)
at org.apache.maven.surefire.booter.ForkedBooter.main(ForkedBooter.java:495)
]]>
            </full-stacktrace>
          </exception> <!-- java.lang.AssertionError -->
          <reporter-output>
          </reporter-output>
        </test-method> <!-- validateEtsyHeaderItems -->
        <test-method status="PASS" signature="tearDown()[pri:0, instance:scripts._21_EtsyTest@7f13d6e]" name="tearDown" is-config="true" duration-ms="849" started-at="2023-06-12T18:55:12 EDT" finished-at="2023-06-12T18:55:13 EDT">
          <reporter-output>
          </reporter-output>
        </test-method> <!-- tearDown -->
      </class> <!-- scripts._21_EtsyTest -->
      <class name="scripts._03_TGLocatorsTest">
        <test-method status="PASS" signature="setUp()[pri:0, instance:scripts._03_TGLocatorsTest@67205a84]" name="setUp" is-config="true" duration-ms="2028" started-at="2023-06-12T18:47:04 EDT" finished-at="2023-06-12T18:47:06 EDT">
          <reporter-output>
          </reporter-output>
        </test-method> <!-- setUp -->
        <test-method status="PASS" signature="setPage()[pri:0, instance:scripts._03_TGLocatorsTest@67205a84]" name="setPage" is-config="true" duration-ms="1103" started-at="2023-06-12T18:47:06 EDT" finished-at="2023-06-12T18:47:07 EDT">
          <reporter-output>
          </reporter-output>
        </test-method> <!-- setPage -->
        <test-method status="PASS" signature="validateKiwiParagraph()[pri:1, instance:scripts._03_TGLocatorsTest@67205a84]" name="validateKiwiParagraph" duration-ms="117" started-at="2023-06-12T18:47:07 EDT" finished-at="2023-06-12T18:47:07 EDT">
          <reporter-output>
          </reporter-output>
        </test-method> <!-- validateKiwiParagraph -->
        <test-method status="PASS" signature="tearDown()[pri:0, instance:scripts._03_TGLocatorsTest@67205a84]" name="tearDown" is-config="true" duration-ms="845" started-at="2023-06-12T18:47:07 EDT" finished-at="2023-06-12T18:47:08 EDT">
          <reporter-output>
          </reporter-output>
        </test-method> <!-- tearDown -->
        <test-method status="PASS" signature="setUp()[pri:0, instance:scripts._03_TGLocatorsTest@67205a84]" name="setUp" is-config="true" duration-ms="2387" started-at="2023-06-12T18:47:08 EDT" finished-at="2023-06-12T18:47:10 EDT">
          <reporter-output>
          </reporter-output>
        </test-method> <!-- setUp -->
        <test-method status="PASS" signature="setPage()[pri:0, instance:scripts._03_TGLocatorsTest@67205a84]" name="setPage" is-config="true" duration-ms="988" started-at="2023-06-12T18:47:10 EDT" finished-at="2023-06-12T18:47:11 EDT">
          <reporter-output>
          </reporter-output>
        </test-method> <!-- setPage -->
        <test-method status="PASS" signature="validateOrangeParagraph()[pri:2, instance:scripts._03_TGLocatorsTest@67205a84]" name="validateOrangeParagraph" duration-ms="223" started-at="2023-06-12T18:47:11 EDT" finished-at="2023-06-12T18:47:11 EDT">
          <reporter-output>
          </reporter-output>
        </test-method> <!-- validateOrangeParagraph -->
        <test-method status="PASS" signature="tearDown()[pri:0, instance:scripts._03_TGLocatorsTest@67205a84]" name="tearDown" is-config="true" duration-ms="821" started-at="2023-06-12T18:47:11 EDT" finished-at="2023-06-12T18:47:12 EDT">
          <reporter-output>
          </reporter-output>
        </test-method> <!-- tearDown -->
        <test-method status="PASS" signature="setUp()[pri:0, instance:scripts._03_TGLocatorsTest@67205a84]" name="setUp" is-config="true" duration-ms="1877" started-at="2023-06-12T18:47:12 EDT" finished-at="2023-06-12T18:47:14 EDT">
          <reporter-output>
          </reporter-output>
        </test-method> <!-- setUp -->
        <test-method status="PASS" signature="setPage()[pri:0, instance:scripts._03_TGLocatorsTest@67205a84]" name="setPage" is-config="true" duration-ms="906" started-at="2023-06-12T18:47:14 EDT" finished-at="2023-06-12T18:47:15 EDT">
          <reporter-output>
          </reporter-output>
        </test-method> <!-- setPage -->
        <test-method status="PASS" signature="validateGrapesParagraph()[pri:3, instance:scripts._03_TGLocatorsTest@67205a84]" name="validateGrapesParagraph" duration-ms="81" started-at="2023-06-12T18:47:15 EDT" finished-at="2023-06-12T18:47:15 EDT">
          <reporter-output>
          </reporter-output>
        </test-method> <!-- validateGrapesParagraph -->
        <test-method status="PASS" signature="tearDown()[pri:0, instance:scripts._03_TGLocatorsTest@67205a84]" name="tearDown" is-config="true" duration-ms="787" started-at="2023-06-12T18:47:15 EDT" finished-at="2023-06-12T18:47:16 EDT">
          <reporter-output>
          </reporter-output>
        </test-method> <!-- tearDown -->
        <test-method status="PASS" signature="setUp()[pri:0, instance:scripts._03_TGLocatorsTest@67205a84]" name="setUp" is-config="true" duration-ms="2000" started-at="2023-06-12T18:47:16 EDT" finished-at="2023-06-12T18:47:18 EDT">
          <reporter-output>
          </reporter-output>
        </test-method> <!-- setUp -->
        <test-method status="PASS" signature="setPage()[pri:0, instance:scripts._03_TGLocatorsTest@67205a84]" name="setPage" is-config="true" duration-ms="1239" started-at="2023-06-12T18:47:18 EDT" finished-at="2023-06-12T18:47:19 EDT">
          <reporter-output>
          </reporter-output>
        </test-method> <!-- setPage -->
        <test-method status="PASS" signature="validateAllParagraphs()[pri:4, instance:scripts._03_TGLocatorsTest@67205a84]" name="validateAllParagraphs" duration-ms="252" started-at="2023-06-12T18:47:19 EDT" finished-at="2023-06-12T18:47:19 EDT">
          <reporter-output>
          </reporter-output>
        </test-method> <!-- validateAllParagraphs -->
        <test-method status="PASS" signature="tearDown()[pri:0, instance:scripts._03_TGLocatorsTest@67205a84]" name="tearDown" is-config="true" duration-ms="876" started-at="2023-06-12T18:47:19 EDT" finished-at="2023-06-12T18:47:20 EDT">
          <reporter-output>
          </reporter-output>
        </test-method> <!-- tearDown -->
        <test-method status="PASS" signature="setUp()[pri:0, instance:scripts._03_TGLocatorsTest@67205a84]" name="setUp" is-config="true" duration-ms="1909" started-at="2023-06-12T18:47:20 EDT" finished-at="2023-06-12T18:47:22 EDT">
          <reporter-output>
          </reporter-output>
        </test-method> <!-- setUp -->
        <test-method status="PASS" signature="setPage()[pri:0, instance:scripts._03_TGLocatorsTest@67205a84]" name="setPage" is-config="true" duration-ms="1032" started-at="2023-06-12T18:47:22 EDT" finished-at="2023-06-12T18:47:23 EDT">
          <reporter-output>
          </reporter-output>
        </test-method> <!-- setPage -->
        <test-method status="PASS" signature="validateRedAppleLink()[pri:5, instance:scripts._03_TGLocatorsTest@67205a84]" name="validateRedAppleLink" duration-ms="95" started-at="2023-06-12T18:47:23 EDT" finished-at="2023-06-12T18:47:23 EDT">
          <reporter-output>
          </reporter-output>
        </test-method> <!-- validateRedAppleLink -->
        <test-method status="PASS" signature="tearDown()[pri:0, instance:scripts._03_TGLocatorsTest@67205a84]" name="tearDown" is-config="true" duration-ms="817" started-at="2023-06-12T18:47:23 EDT" finished-at="2023-06-12T18:47:24 EDT">
          <reporter-output>
          </reporter-output>
        </test-method> <!-- tearDown -->
        <test-method status="PASS" signature="setUp()[pri:0, instance:scripts._03_TGLocatorsTest@67205a84]" name="setUp" is-config="true" duration-ms="1894" started-at="2023-06-12T18:47:24 EDT" finished-at="2023-06-12T18:47:26 EDT">
          <reporter-output>
          </reporter-output>
        </test-method> <!-- setUp -->
        <test-method status="PASS" signature="setPage()[pri:0, instance:scripts._03_TGLocatorsTest@67205a84]" name="setPage" is-config="true" duration-ms="965" started-at="2023-06-12T18:47:26 EDT" finished-at="2023-06-12T18:47:27 EDT">
          <reporter-output>
          </reporter-output>
        </test-method> <!-- setPage -->
        <test-method status="PASS" signature="validateAllLinks()[pri:6, instance:scripts._03_TGLocatorsTest@67205a84]" name="validateAllLinks" duration-ms="349" started-at="2023-06-12T18:47:27 EDT" finished-at="2023-06-12T18:47:27 EDT">
          <reporter-output>
          </reporter-output>
        </test-method> <!-- validateAllLinks -->
        <test-method status="PASS" signature="tearDown()[pri:0, instance:scripts._03_TGLocatorsTest@67205a84]" name="tearDown" is-config="true" duration-ms="800" started-at="2023-06-12T18:47:27 EDT" finished-at="2023-06-12T18:47:28 EDT">
          <reporter-output>
          </reporter-output>
        </test-method> <!-- tearDown -->
      </class> <!-- scripts._03_TGLocatorsTest -->
      <class name="scripts._17_TGStaticTableTest">
        <test-method status="PASS" signature="setUp()[pri:0, instance:scripts._17_TGStaticTableTest@26aa12dd]" name="setUp" is-config="true" duration-ms="1589" started-at="2023-06-12T18:51:26 EDT" finished-at="2023-06-12T18:51:27 EDT">
          <reporter-output>
          </reporter-output>
        </test-method> <!-- setUp -->
        <test-method status="PASS" signature="setPage()[pri:0, instance:scripts._17_TGStaticTableTest@26aa12dd]" name="setPage" is-config="true" duration-ms="1093" started-at="2023-06-12T18:51:27 EDT" finished-at="2023-06-12T18:51:28 EDT">
          <reporter-output>
          </reporter-output>
        </test-method> <!-- setPage -->
        <test-method status="PASS" signature="validateEachCell()[pri:0, instance:scripts._17_TGStaticTableTest@26aa12dd]" name="validateEachCell" duration-ms="288" started-at="2023-06-12T18:51:28 EDT" finished-at="2023-06-12T18:51:29 EDT">
          <reporter-output>
          </reporter-output>
        </test-method> <!-- validateEachCell -->
        <test-method status="PASS" signature="tearDown()[pri:0, instance:scripts._17_TGStaticTableTest@26aa12dd]" name="tearDown" is-config="true" duration-ms="728" started-at="2023-06-12T18:51:29 EDT" finished-at="2023-06-12T18:51:29 EDT">
          <reporter-output>
          </reporter-output>
        </test-method> <!-- tearDown -->
        <test-method status="PASS" signature="setUp()[pri:0, instance:scripts._17_TGStaticTableTest@26aa12dd]" name="setUp" is-config="true" duration-ms="1685" started-at="2023-06-12T18:51:29 EDT" finished-at="2023-06-12T18:51:31 EDT">
          <reporter-output>
          </reporter-output>
        </test-method> <!-- setUp -->
        <test-method status="PASS" signature="setPage()[pri:0, instance:scripts._17_TGStaticTableTest@26aa12dd]" name="setPage" is-config="true" duration-ms="1028" started-at="2023-06-12T18:51:31 EDT" finished-at="2023-06-12T18:51:32 EDT">
          <reporter-output>
          </reporter-output>
        </test-method> <!-- setPage -->
        <test-method status="PASS" signature="validateFirstRow()[pri:0, instance:scripts._17_TGStaticTableTest@26aa12dd]" name="validateFirstRow" duration-ms="72" started-at="2023-06-12T18:51:32 EDT" finished-at="2023-06-12T18:51:32 EDT">
          <reporter-output>
          </reporter-output>
        </test-method> <!-- validateFirstRow -->
        <test-method status="PASS" signature="tearDown()[pri:0, instance:scripts._17_TGStaticTableTest@26aa12dd]" name="tearDown" is-config="true" duration-ms="686" started-at="2023-06-12T18:51:32 EDT" finished-at="2023-06-12T18:51:33 EDT">
          <reporter-output>
          </reporter-output>
        </test-method> <!-- tearDown -->
        <test-method status="PASS" signature="setUp()[pri:0, instance:scripts._17_TGStaticTableTest@26aa12dd]" name="setUp" is-config="true" duration-ms="1818" started-at="2023-06-12T18:51:33 EDT" finished-at="2023-06-12T18:51:35 EDT">
          <reporter-output>
          </reporter-output>
        </test-method> <!-- setUp -->
        <test-method status="PASS" signature="setPage()[pri:0, instance:scripts._17_TGStaticTableTest@26aa12dd]" name="setPage" is-config="true" duration-ms="1481" started-at="2023-06-12T18:51:35 EDT" finished-at="2023-06-12T18:51:36 EDT">
          <reporter-output>
          </reporter-output>
        </test-method> <!-- setPage -->
        <test-method status="PASS" signature="validateLastColumn()[pri:0, instance:scripts._17_TGStaticTableTest@26aa12dd]" name="validateLastColumn" duration-ms="66" started-at="2023-06-12T18:51:36 EDT" finished-at="2023-06-12T18:51:36 EDT">
          <reporter-output>
          </reporter-output>
        </test-method> <!-- validateLastColumn -->
        <test-method status="PASS" signature="tearDown()[pri:0, instance:scripts._17_TGStaticTableTest@26aa12dd]" name="tearDown" is-config="true" duration-ms="734" started-at="2023-06-12T18:51:36 EDT" finished-at="2023-06-12T18:51:37 EDT">
          <reporter-output>
          </reporter-output>
        </test-method> <!-- tearDown -->
        <test-method status="PASS" signature="setUp()[pri:0, instance:scripts._17_TGStaticTableTest@26aa12dd]" name="setUp" is-config="true" duration-ms="1579" started-at="2023-06-12T18:51:37 EDT" finished-at="2023-06-12T18:51:38 EDT">
          <reporter-output>
          </reporter-output>
        </test-method> <!-- setUp -->
        <test-method status="PASS" signature="setPage()[pri:0, instance:scripts._17_TGStaticTableTest@26aa12dd]" name="setPage" is-config="true" duration-ms="998" started-at="2023-06-12T18:51:38 EDT" finished-at="2023-06-12T18:51:39 EDT">
          <reporter-output>
          </reporter-output>
        </test-method> <!-- setPage -->
        <test-method status="PASS" signature="validateTableHeader()[pri:0, instance:scripts._17_TGStaticTableTest@26aa12dd]" name="validateTableHeader" duration-ms="75" started-at="2023-06-12T18:51:39 EDT" finished-at="2023-06-12T18:51:39 EDT">
          <reporter-output>
          </reporter-output>
        </test-method> <!-- validateTableHeader -->
        <test-method status="PASS" signature="tearDown()[pri:0, instance:scripts._17_TGStaticTableTest@26aa12dd]" name="tearDown" is-config="true" duration-ms="766" started-at="2023-06-12T18:51:39 EDT" finished-at="2023-06-12T18:51:40 EDT">
          <reporter-output>
          </reporter-output>
        </test-method> <!-- tearDown -->
      </class> <!-- scripts._17_TGStaticTableTest -->
      <class name="scripts._05_FacebookTest">
        <test-method status="PASS" signature="setUp()[pri:0, instance:scripts._05_FacebookTest@5d76b067]" name="setUp" is-config="true" duration-ms="1988" started-at="2023-06-12T18:47:45 EDT" finished-at="2023-06-12T18:47:47 EDT">
          <reporter-output>
          </reporter-output>
        </test-method> <!-- setUp -->
        <test-method status="PASS" signature="setPage()[pri:0, instance:scripts._05_FacebookTest@5d76b067]" name="setPage" is-config="true" duration-ms="1096" started-at="2023-06-12T18:47:47 EDT" finished-at="2023-06-12T18:47:48 EDT">
          <reporter-output>
          </reporter-output>
        </test-method> <!-- setPage -->
        <test-method status="PASS" signature="validateFacebookInvalidLoginAttempt()[pri:0, instance:scripts._05_FacebookTest@5d76b067]" name="validateFacebookInvalidLoginAttempt" duration-ms="1043" started-at="2023-06-12T18:47:48 EDT" finished-at="2023-06-12T18:47:49 EDT">
          <reporter-output>
          </reporter-output>
        </test-method> <!-- validateFacebookInvalidLoginAttempt -->
        <test-method status="PASS" signature="tearDown()[pri:0, instance:scripts._05_FacebookTest@5d76b067]" name="tearDown" is-config="true" duration-ms="779" started-at="2023-06-12T18:47:49 EDT" finished-at="2023-06-12T18:47:50 EDT">
          <reporter-output>
          </reporter-output>
        </test-method> <!-- tearDown -->
        <test-method status="PASS" signature="setUp()[pri:0, instance:scripts._05_FacebookTest@5d76b067]" name="setUp" is-config="true" duration-ms="1895" started-at="2023-06-12T18:47:50 EDT" finished-at="2023-06-12T18:47:52 EDT">
          <reporter-output>
          </reporter-output>
        </test-method> <!-- setUp -->
        <test-method status="PASS" signature="setPage()[pri:0, instance:scripts._05_FacebookTest@5d76b067]" name="setPage" is-config="true" duration-ms="904" started-at="2023-06-12T18:47:52 EDT" finished-at="2023-06-12T18:47:52 EDT">
          <reporter-output>
          </reporter-output>
        </test-method> <!-- setPage -->
        <test-method status="PASS" signature="validateFacebookLoginForm()[pri:0, instance:scripts._05_FacebookTest@5d76b067]" name="validateFacebookLoginForm" duration-ms="519" started-at="2023-06-12T18:47:52 EDT" finished-at="2023-06-12T18:47:53 EDT">
          <reporter-output>
          </reporter-output>
        </test-method> <!-- validateFacebookLoginForm -->
        <test-method status="PASS" signature="tearDown()[pri:0, instance:scripts._05_FacebookTest@5d76b067]" name="tearDown" is-config="true" duration-ms="802" started-at="2023-06-12T18:47:53 EDT" finished-at="2023-06-12T18:47:54 EDT">
          <reporter-output>
          </reporter-output>
        </test-method> <!-- tearDown -->
      </class> <!-- scripts._05_FacebookTest -->
      <class name="scripts._18_TGSortableTableTest">
        <test-method status="PASS" signature="setUp()[pri:0, instance:scripts._18_TGSortableTableTest@3fd7a715]" name="setUp" is-config="true" duration-ms="1728" started-at="2023-06-12T18:51:40 EDT" finished-at="2023-06-12T18:51:42 EDT">
          <reporter-output>
          </reporter-output>
        </test-method> <!-- setUp -->
        <test-method status="PASS" signature="setPage()[pri:0, instance:scripts._18_TGSortableTableTest@3fd7a715]" name="setPage" is-config="true" duration-ms="1087" started-at="2023-06-12T18:51:42 EDT" finished-at="2023-06-12T18:51:43 EDT">
          <reporter-output>
          </reporter-output>
        </test-method> <!-- setPage -->
        <test-method status="PASS" signature="validateSortAscByQuantity()[pri:0, instance:scripts._18_TGSortableTableTest@3fd7a715]" name="validateSortAscByQuantity" duration-ms="2125" started-at="2023-06-12T18:51:43 EDT" finished-at="2023-06-12T18:51:45 EDT">
          <reporter-output>
          </reporter-output>
        </test-method> <!-- validateSortAscByQuantity -->
        <test-method status="PASS" signature="tearDown()[pri:0, instance:scripts._18_TGSortableTableTest@3fd7a715]" name="tearDown" is-config="true" duration-ms="826" started-at="2023-06-12T18:51:45 EDT" finished-at="2023-06-12T18:51:46 EDT">
          <reporter-output>
          </reporter-output>
        </test-method> <!-- tearDown -->
      </class> <!-- scripts._18_TGSortableTableTest -->
      <class name="scripts._11_TGDropdownsTest">
        <test-method status="PASS" signature="setUp()[pri:0, instance:scripts._11_TGDropdownsTest@1f554b06]" name="setUp" is-config="true" duration-ms="2152" started-at="2023-06-12T18:49:22 EDT" finished-at="2023-06-12T18:49:24 EDT">
          <reporter-output>
          </reporter-output>
        </test-method> <!-- setUp -->
        <test-method status="PASS" signature="setPage()[pri:0, instance:scripts._11_TGDropdownsTest@1f554b06]" name="setPage" is-config="true" duration-ms="1541" started-at="2023-06-12T18:49:24 EDT" finished-at="2023-06-12T18:49:26 EDT">
          <reporter-output>
          </reporter-output>
        </test-method> <!-- setPage -->
        <test-method status="PASS" signature="dropdownTestCase()[pri:0, instance:scripts._11_TGDropdownsTest@1f554b06]" name="dropdownTestCase" duration-ms="913" started-at="2023-06-12T18:49:26 EDT" finished-at="2023-06-12T18:49:26 EDT">
          <reporter-output>
          </reporter-output>
        </test-method> <!-- dropdownTestCase -->
        <test-method status="PASS" signature="tearDown()[pri:0, instance:scripts._11_TGDropdownsTest@1f554b06]" name="tearDown" is-config="true" duration-ms="935" started-at="2023-06-12T18:49:26 EDT" finished-at="2023-06-12T18:49:27 EDT">
          <reporter-output>
          </reporter-output>
        </test-method> <!-- tearDown -->
        <test-method status="PASS" signature="setUp()[pri:0, instance:scripts._11_TGDropdownsTest@1f554b06]" name="setUp" is-config="true" duration-ms="1972" started-at="2023-06-12T18:49:27 EDT" finished-at="2023-06-12T18:49:29 EDT">
          <reporter-output>
          </reporter-output>
        </test-method> <!-- setUp -->
        <test-method status="PASS" signature="setPage()[pri:0, instance:scripts._11_TGDropdownsTest@1f554b06]" name="setPage" is-config="true" duration-ms="1443" started-at="2023-06-12T18:49:29 EDT" finished-at="2023-06-12T18:49:31 EDT">
          <reporter-output>
          </reporter-output>
        </test-method> <!-- setPage -->
        <test-method status="PASS" signature="productColorTest()[pri:0, instance:scripts._11_TGDropdownsTest@1f554b06]" name="productColorTest" duration-ms="214" started-at="2023-06-12T18:49:31 EDT" finished-at="2023-06-12T18:49:31 EDT">
          <reporter-output>
          </reporter-output>
        </test-method> <!-- productColorTest -->
        <test-method status="PASS" signature="tearDown()[pri:0, instance:scripts._11_TGDropdownsTest@1f554b06]" name="tearDown" is-config="true" duration-ms="811" started-at="2023-06-12T18:49:31 EDT" finished-at="2023-06-12T18:49:32 EDT">
          <reporter-output>
          </reporter-output>
        </test-method> <!-- tearDown -->
        <test-method status="PASS" signature="setUp()[pri:0, instance:scripts._11_TGDropdownsTest@1f554b06]" name="setUp" is-config="true" duration-ms="2200" started-at="2023-06-12T18:49:32 EDT" finished-at="2023-06-12T18:49:34 EDT">
          <reporter-output>
          </reporter-output>
        </test-method> <!-- setUp -->
        <test-method status="PASS" signature="setPage()[pri:0, instance:scripts._11_TGDropdownsTest@1f554b06]" name="setPage" is-config="true" duration-ms="1236" started-at="2023-06-12T18:49:34 EDT" finished-at="2023-06-12T18:49:35 EDT">
          <reporter-output>
          </reporter-output>
        </test-method> <!-- setPage -->
        <test-method status="PASS" signature="productDeliveryTest()[pri:0, instance:scripts._11_TGDropdownsTest@1f554b06]" name="productDeliveryTest" duration-ms="30136" started-at="2023-06-12T18:49:35 EDT" finished-at="2023-06-12T18:50:05 EDT">
          <reporter-output>
          </reporter-output>
        </test-method> <!-- productDeliveryTest -->
        <test-method status="PASS" signature="tearDown()[pri:0, instance:scripts._11_TGDropdownsTest@1f554b06]" name="tearDown" is-config="true" duration-ms="816" started-at="2023-06-12T18:50:05 EDT" finished-at="2023-06-12T18:50:06 EDT">
          <reporter-output>
          </reporter-output>
        </test-method> <!-- tearDown -->
        <test-method status="PASS" signature="setUp()[pri:0, instance:scripts._11_TGDropdownsTest@1f554b06]" name="setUp" is-config="true" duration-ms="2311" started-at="2023-06-12T18:50:06 EDT" finished-at="2023-06-12T18:50:09 EDT">
          <reporter-output>
          </reporter-output>
        </test-method> <!-- setUp -->
        <test-method status="PASS" signature="setPage()[pri:0, instance:scripts._11_TGDropdownsTest@1f554b06]" name="setPage" is-config="true" duration-ms="1691" started-at="2023-06-12T18:50:09 EDT" finished-at="2023-06-12T18:50:10 EDT">
          <reporter-output>
          </reporter-output>
        </test-method> <!-- setPage -->
        <test-method status="PASS" signature="productDropdownTest()[pri:0, instance:scripts._11_TGDropdownsTest@1f554b06]" name="productDropdownTest" duration-ms="155" started-at="2023-06-12T18:50:10 EDT" finished-at="2023-06-12T18:50:10 EDT">
          <reporter-output>
          </reporter-output>
        </test-method> <!-- productDropdownTest -->
        <test-method status="PASS" signature="tearDown()[pri:0, instance:scripts._11_TGDropdownsTest@1f554b06]" name="tearDown" is-config="true" duration-ms="765" started-at="2023-06-12T18:50:10 EDT" finished-at="2023-06-12T18:50:11 EDT">
          <reporter-output>
          </reporter-output>
        </test-method> <!-- tearDown -->
      </class> <!-- scripts._11_TGDropdownsTest -->
      <class name="testng_knowledge._03_Ignoring_Tests">
        <test-method status="PASS" signature="test1()[pri:0, instance:testng_knowledge._03_Ignoring_Tests@51cdd8a]" name="test1" duration-ms="0" started-at="2023-06-12T18:55:13 EDT" finished-at="2023-06-12T18:55:13 EDT">
          <reporter-output>
          </reporter-output>
        </test-method> <!-- test1 -->
      </class> <!-- testng_knowledge._03_Ignoring_Tests -->
      <class name="scripts._12_TGAlertsTest">
        <test-method status="PASS" signature="setUp()[pri:0, instance:scripts._12_TGAlertsTest@694e1548]" name="setUp" is-config="true" duration-ms="1887" started-at="2023-06-12T18:50:11 EDT" finished-at="2023-06-12T18:50:13 EDT">
          <reporter-output>
          </reporter-output>
        </test-method> <!-- setUp -->
        <test-method status="PASS" signature="setPage()[pri:0, instance:scripts._12_TGAlertsTest@694e1548]" name="setPage" is-config="true" duration-ms="1264" started-at="2023-06-12T18:50:13 EDT" finished-at="2023-06-12T18:50:14 EDT">
          <reporter-output>
          </reporter-output>
        </test-method> <!-- setPage -->
        <test-method status="PASS" signature="confirmationAlert()[pri:0, instance:scripts._12_TGAlertsTest@694e1548]" name="confirmationAlert" duration-ms="227" started-at="2023-06-12T18:50:14 EDT" finished-at="2023-06-12T18:50:15 EDT">
          <reporter-output>
          </reporter-output>
        </test-method> <!-- confirmationAlert -->
        <test-method status="PASS" signature="tearDown()[pri:0, instance:scripts._12_TGAlertsTest@694e1548]" name="tearDown" is-config="true" duration-ms="760" started-at="2023-06-12T18:50:15 EDT" finished-at="2023-06-12T18:50:15 EDT">
          <reporter-output>
          </reporter-output>
        </test-method> <!-- tearDown -->
        <test-method status="PASS" signature="setUp()[pri:0, instance:scripts._12_TGAlertsTest@694e1548]" name="setUp" is-config="true" duration-ms="1920" started-at="2023-06-12T18:50:15 EDT" finished-at="2023-06-12T18:50:17 EDT">
          <reporter-output>
          </reporter-output>
        </test-method> <!-- setUp -->
        <test-method status="PASS" signature="setPage()[pri:0, instance:scripts._12_TGAlertsTest@694e1548]" name="setPage" is-config="true" duration-ms="1075" started-at="2023-06-12T18:50:17 EDT" finished-at="2023-06-12T18:50:18 EDT">
          <reporter-output>
          </reporter-output>
        </test-method> <!-- setPage -->
        <test-method status="PASS" signature="warningAlert()[pri:0, instance:scripts._12_TGAlertsTest@694e1548]" name="warningAlert" duration-ms="179" started-at="2023-06-12T18:50:18 EDT" finished-at="2023-06-12T18:50:18 EDT">
          <reporter-output>
          </reporter-output>
        </test-method> <!-- warningAlert -->
        <test-method status="PASS" signature="tearDown()[pri:0, instance:scripts._12_TGAlertsTest@694e1548]" name="tearDown" is-config="true" duration-ms="758" started-at="2023-06-12T18:50:18 EDT" finished-at="2023-06-12T18:50:19 EDT">
          <reporter-output>
          </reporter-output>
        </test-method> <!-- tearDown -->
      </class> <!-- scripts._12_TGAlertsTest -->
      <class name="scripts._02_ProjectTest">
        <test-method status="PASS" signature="setUp()[pri:0, instance:scripts._02_ProjectTest@6c49835d]" name="setUp" is-config="true" duration-ms="1833" started-at="2023-06-12T18:44:29 EDT" finished-at="2023-06-12T18:44:31 EDT">
          <reporter-output>
          </reporter-output>
        </test-method> <!-- setUp -->
        <test-method status="PASS" signature="setPage()[pri:0, instance:scripts._02_ProjectTest@6c49835d]" name="setPage" is-config="true" duration-ms="1045" started-at="2023-06-12T18:44:31 EDT" finished-at="2023-06-12T18:44:32 EDT">
          <reporter-output>
          </reporter-output>
        </test-method> <!-- setPage -->
        <test-method status="PASS" signature="validateTheLoginForm()[pri:1, instance:scripts._02_ProjectTest@6c49835d]" name="validateTheLoginForm" duration-ms="614" started-at="2023-06-12T18:44:32 EDT" description="Test Case 01 - Validate the login form" finished-at="2023-06-12T18:44:33 EDT">
          <reporter-output>
          </reporter-output>
        </test-method> <!-- validateTheLoginForm -->
        <test-method status="PASS" signature="tearDown()[pri:0, instance:scripts._02_ProjectTest@6c49835d]" name="tearDown" is-config="true" duration-ms="839" started-at="2023-06-12T18:44:33 EDT" finished-at="2023-06-12T18:44:34 EDT">
          <reporter-output>
          </reporter-output>
        </test-method> <!-- tearDown -->
        <test-method status="PASS" signature="setUp()[pri:0, instance:scripts._02_ProjectTest@6c49835d]" name="setUp" is-config="true" duration-ms="1929" started-at="2023-06-12T18:44:34 EDT" finished-at="2023-06-12T18:44:36 EDT">
          <reporter-output>
          </reporter-output>
        </test-method> <!-- setUp -->
        <test-method status="PASS" signature="setPage()[pri:0, instance:scripts._02_ProjectTest@6c49835d]" name="setPage" is-config="true" duration-ms="971" started-at="2023-06-12T18:44:36 EDT" finished-at="2023-06-12T18:44:37 EDT">
          <reporter-output>
          </reporter-output>
        </test-method> <!-- setPage -->
        <test-method status="PASS" signature="validateTheValidLogin()[pri:2, instance:scripts._02_ProjectTest@6c49835d]" name="validateTheValidLogin" duration-ms="485" started-at="2023-06-12T18:44:37 EDT" description="Test Case 02 - Validate the valid login" finished-at="2023-06-12T18:44:37 EDT">
          <reporter-output>
          </reporter-output>
        </test-method> <!-- validateTheValidLogin -->
        <test-method status="PASS" signature="tearDown()[pri:0, instance:scripts._02_ProjectTest@6c49835d]" name="tearDown" is-config="true" duration-ms="707" started-at="2023-06-12T18:44:37 EDT" finished-at="2023-06-12T18:44:38 EDT">
          <reporter-output>
          </reporter-output>
        </test-method> <!-- tearDown -->
        <test-method status="PASS" signature="setUp()[pri:0, instance:scripts._02_ProjectTest@6c49835d]" name="setUp" is-config="true" duration-ms="1853" started-at="2023-06-12T18:44:38 EDT" finished-at="2023-06-12T18:44:40 EDT">
          <reporter-output>
          </reporter-output>
        </test-method> <!-- setUp -->
        <test-method status="PASS" signature="setPage()[pri:0, instance:scripts._02_ProjectTest@6c49835d]" name="setPage" is-config="true" duration-ms="911" started-at="2023-06-12T18:44:40 EDT" finished-at="2023-06-12T18:44:41 EDT">
          <reporter-output>
          </reporter-output>
        </test-method> <!-- setPage -->
        <test-method status="PASS" signature="validateTheLogOut()[pri:3, instance:scripts._02_ProjectTest@6c49835d]" name="validateTheLogOut" duration-ms="520" started-at="2023-06-12T18:44:41 EDT" description="Test Case 03 - Validate the logout" finished-at="2023-06-12T18:44:41 EDT">
          <reporter-output>
          </reporter-output>
        </test-method> <!-- validateTheLogOut -->
        <test-method status="PASS" signature="tearDown()[pri:0, instance:scripts._02_ProjectTest@6c49835d]" name="tearDown" is-config="true" duration-ms="762" started-at="2023-06-12T18:44:41 EDT" finished-at="2023-06-12T18:44:42 EDT">
          <reporter-output>
          </reporter-output>
        </test-method> <!-- tearDown -->
        <test-method status="PASS" signature="setUp()[pri:0, instance:scripts._02_ProjectTest@6c49835d]" name="setUp" is-config="true" duration-ms="1977" started-at="2023-06-12T18:44:42 EDT" finished-at="2023-06-12T18:44:44 EDT">
          <reporter-output>
          </reporter-output>
        </test-method> <!-- setUp -->
        <test-method status="PASS" signature="setPage()[pri:0, instance:scripts._02_ProjectTest@6c49835d]" name="setPage" is-config="true" duration-ms="1001" started-at="2023-06-12T18:44:44 EDT" finished-at="2023-06-12T18:44:45 EDT">
          <reporter-output>
          </reporter-output>
        </test-method> <!-- setPage -->
        <test-method status="PASS" signature="validateTheForgotPasswordLinkAndResetPasswordModal()[pri:4, instance:scripts._02_ProjectTest@6c49835d]" name="validateTheForgotPasswordLinkAndResetPasswordModal" duration-ms="655" started-at="2023-06-12T18:44:45 EDT" description="Test Case 04 - Validate the Forgot Password? Link and Reset Password modal" finished-at="2023-06-12T18:44:46 EDT">
          <reporter-output>
          </reporter-output>
        </test-method> <!-- validateTheForgotPasswordLinkAndResetPasswordModal -->
        <test-method status="PASS" signature="tearDown()[pri:0, instance:scripts._02_ProjectTest@6c49835d]" name="tearDown" is-config="true" duration-ms="772" started-at="2023-06-12T18:44:46 EDT" finished-at="2023-06-12T18:44:46 EDT">
          <reporter-output>
          </reporter-output>
        </test-method> <!-- tearDown -->
        <test-method status="PASS" signature="setUp()[pri:0, instance:scripts._02_ProjectTest@6c49835d]" name="setUp" is-config="true" duration-ms="2099" started-at="2023-06-12T18:44:46 EDT" finished-at="2023-06-12T18:44:48 EDT">
          <reporter-output>
          </reporter-output>
        </test-method> <!-- setUp -->
        <test-method status="PASS" signature="setPage()[pri:0, instance:scripts._02_ProjectTest@6c49835d]" name="setPage" is-config="true" duration-ms="1032" started-at="2023-06-12T18:44:48 EDT" finished-at="2023-06-12T18:44:49 EDT">
          <reporter-output>
          </reporter-output>
        </test-method> <!-- setPage -->
        <test-method status="PASS" signature="validateTheResetPasswordModalCloseButton()[pri:5, instance:scripts._02_ProjectTest@6c49835d]" name="validateTheResetPasswordModalCloseButton" duration-ms="30522" started-at="2023-06-12T18:44:49 EDT" description="Test Case 05 - Validate the Reset Password modal close button" finished-at="2023-06-12T18:45:20 EDT">
          <reporter-output>
          </reporter-output>
        </test-method> <!-- validateTheResetPasswordModalCloseButton -->
        <test-method status="PASS" signature="tearDown()[pri:0, instance:scripts._02_ProjectTest@6c49835d]" name="tearDown" is-config="true" duration-ms="705" started-at="2023-06-12T18:45:20 EDT" finished-at="2023-06-12T18:45:21 EDT">
          <reporter-output>
          </reporter-output>
        </test-method> <!-- tearDown -->
        <test-method status="PASS" signature="setUp()[pri:0, instance:scripts._02_ProjectTest@6c49835d]" name="setUp" is-config="true" duration-ms="1761" started-at="2023-06-12T18:45:21 EDT" finished-at="2023-06-12T18:45:22 EDT">
          <reporter-output>
          </reporter-output>
        </test-method> <!-- setUp -->
        <test-method status="PASS" signature="setPage()[pri:0, instance:scripts._02_ProjectTest@6c49835d]" name="setPage" is-config="true" duration-ms="979" started-at="2023-06-12T18:45:22 EDT" finished-at="2023-06-12T18:45:23 EDT">
          <reporter-output>
          </reporter-output>
        </test-method> <!-- setPage -->
        <test-method status="PASS" signature="validateTheResetPasswordFormSubmission()[pri:6, instance:scripts._02_ProjectTest@6c49835d]" name="validateTheResetPasswordFormSubmission" duration-ms="448" started-at="2023-06-12T18:45:23 EDT" description="Test Case 06 - Validate the Reset Password form submission" finished-at="2023-06-12T18:45:24 EDT">
          <reporter-output>
          </reporter-output>
        </test-method> <!-- validateTheResetPasswordFormSubmission -->
        <test-method status="PASS" signature="tearDown()[pri:0, instance:scripts._02_ProjectTest@6c49835d]" name="tearDown" is-config="true" duration-ms="744" started-at="2023-06-12T18:45:24 EDT" finished-at="2023-06-12T18:45:25 EDT">
          <reporter-output>
          </reporter-output>
        </test-method> <!-- tearDown -->
        <test-method status="PASS" signature="setUp()[pri:0, instance:scripts._02_ProjectTest@6c49835d]" name="setUp" is-config="true" duration-ms="2156" started-at="2023-06-12T18:45:25 EDT" finished-at="2023-06-12T18:45:27 EDT">
          <reporter-output>
          </reporter-output>
        </test-method> <!-- setUp -->
        <test-method status="PASS" signature="setPage()[pri:0, instance:scripts._02_ProjectTest@6c49835d]" name="setPage" is-config="true" duration-ms="983" started-at="2023-06-12T18:45:27 EDT" finished-at="2023-06-12T18:45:28 EDT">
          <reporter-output>
          </reporter-output>
        </test-method> <!-- setPage -->
        <test-method status="PASS" signature="validateTheInvalidLoginWithEmptyCredentials()[pri:7, instance:scripts._02_ProjectTest@6c49835d]" name="validateTheInvalidLoginWithEmptyCredentials" duration-ms="278" started-at="2023-06-12T18:45:28 EDT" description="Test Case 07 - Validate the invalid login with the empty credentials" finished-at="2023-06-12T18:45:28 EDT">
          <reporter-output>
          </reporter-output>
        </test-method> <!-- validateTheInvalidLoginWithEmptyCredentials -->
        <test-method status="PASS" signature="tearDown()[pri:0, instance:scripts._02_ProjectTest@6c49835d]" name="tearDown" is-config="true" duration-ms="760" started-at="2023-06-12T18:45:28 EDT" finished-at="2023-06-12T18:45:29 EDT">
          <reporter-output>
          </reporter-output>
        </test-method> <!-- tearDown -->
        <test-method status="PASS" signature="setUp()[pri:0, instance:scripts._02_ProjectTest@6c49835d]" name="setUp" is-config="true" duration-ms="1924" started-at="2023-06-12T18:45:29 EDT" finished-at="2023-06-12T18:45:31 EDT">
          <reporter-output>
          </reporter-output>
        </test-method> <!-- setUp -->
        <test-method status="PASS" signature="setPage()[pri:0, instance:scripts._02_ProjectTest@6c49835d]" name="setPage" is-config="true" duration-ms="1053" started-at="2023-06-12T18:45:31 EDT" finished-at="2023-06-12T18:45:32 EDT">
          <reporter-output>
          </reporter-output>
        </test-method> <!-- setPage -->
        <test-method status="PASS" signature="validateTheInvalidLoginWithTheWrongUsername()[pri:8, instance:scripts._02_ProjectTest@6c49835d]" name="validateTheInvalidLoginWithTheWrongUsername" duration-ms="501" started-at="2023-06-12T18:45:32 EDT" description="Test Case 08 - Validate the invalid login with the wrong username" finished-at="2023-06-12T18:45:32 EDT">
          <reporter-output>
          </reporter-output>
        </test-method> <!-- validateTheInvalidLoginWithTheWrongUsername -->
        <test-method status="PASS" signature="tearDown()[pri:0, instance:scripts._02_ProjectTest@6c49835d]" name="tearDown" is-config="true" duration-ms="749" started-at="2023-06-12T18:45:32 EDT" finished-at="2023-06-12T18:45:33 EDT">
          <reporter-output>
          </reporter-output>
        </test-method> <!-- tearDown -->
        <test-method status="PASS" signature="setUp()[pri:0, instance:scripts._02_ProjectTest@6c49835d]" name="setUp" is-config="true" duration-ms="1972" started-at="2023-06-12T18:45:33 EDT" finished-at="2023-06-12T18:45:35 EDT">
          <reporter-output>
          </reporter-output>
        </test-method> <!-- setUp -->
        <test-method status="PASS" signature="setPage()[pri:0, instance:scripts._02_ProjectTest@6c49835d]" name="setPage" is-config="true" duration-ms="956" started-at="2023-06-12T18:45:35 EDT" finished-at="2023-06-12T18:45:36 EDT">
          <reporter-output>
          </reporter-output>
        </test-method> <!-- setPage -->
        <test-method status="PASS" signature="validateTheInvalidLoginWithTheWrongPassword()[pri:9, instance:scripts._02_ProjectTest@6c49835d]" name="validateTheInvalidLoginWithTheWrongPassword" duration-ms="481" started-at="2023-06-12T18:45:36 EDT" description="Test Case 09 - Validate the invalid login with the wrong password" finished-at="2023-06-12T18:45:36 EDT">
          <reporter-output>
          </reporter-output>
        </test-method> <!-- validateTheInvalidLoginWithTheWrongPassword -->
        <test-method status="PASS" signature="tearDown()[pri:0, instance:scripts._02_ProjectTest@6c49835d]" name="tearDown" is-config="true" duration-ms="736" started-at="2023-06-12T18:45:36 EDT" finished-at="2023-06-12T18:45:37 EDT">
          <reporter-output>
          </reporter-output>
        </test-method> <!-- tearDown -->
        <test-method status="PASS" signature="setUp()[pri:0, instance:scripts._02_ProjectTest@6c49835d]" name="setUp" is-config="true" duration-ms="1884" started-at="2023-06-12T18:45:37 EDT" finished-at="2023-06-12T18:45:39 EDT">
          <reporter-output>
          </reporter-output>
        </test-method> <!-- setUp -->
        <test-method status="PASS" signature="setPage()[pri:0, instance:scripts._02_ProjectTest@6c49835d]" name="setPage" is-config="true" duration-ms="905" started-at="2023-06-12T18:45:39 EDT" finished-at="2023-06-12T18:45:40 EDT">
          <reporter-output>
          </reporter-output>
        </test-method> <!-- setPage -->
        <test-method status="PASS" signature="validateTheInvalidLoginWithTheWrongUsernameAndPassword()[pri:10, instance:scripts._02_ProjectTest@6c49835d]" name="validateTheInvalidLoginWithTheWrongUsernameAndPassword" duration-ms="363" started-at="2023-06-12T18:45:40 EDT" description="Test Case 10 - Validate the invalid login with the wrong username and password" finished-at="2023-06-12T18:45:40 EDT">
          <reporter-output>
          </reporter-output>
        </test-method> <!-- validateTheInvalidLoginWithTheWrongUsernameAndPassword -->
        <test-method status="PASS" signature="tearDown()[pri:0, instance:scripts._02_ProjectTest@6c49835d]" name="tearDown" is-config="true" duration-ms="709" started-at="2023-06-12T18:45:40 EDT" finished-at="2023-06-12T18:45:41 EDT">
          <reporter-output>
          </reporter-output>
        </test-method> <!-- tearDown -->
      </class> <!-- scripts._02_ProjectTest -->
      <class name="scripts._02_AppleTest">
        <test-method status="PASS" signature="setUp()[pri:0, instance:scripts._02_AppleTest@5a8806ef]" name="setUp" is-config="true" duration-ms="3800" started-at="2023-06-12T18:44:22 EDT" finished-at="2023-06-12T18:44:26 EDT">
          <reporter-output>
          </reporter-output>
        </test-method> <!-- setUp -->
        <test-method status="PASS" signature="validateTitleAndURL()[pri:0, instance:scripts._02_AppleTest@5a8806ef]" name="validateTitleAndURL" duration-ms="18" started-at="2023-06-12T18:44:26 EDT" finished-at="2023-06-12T18:44:26 EDT">
          <reporter-output>
          </reporter-output>
        </test-method> <!-- validateTitleAndURL -->
        <test-method status="PASS" signature="tearDown()[pri:0, instance:scripts._02_AppleTest@5a8806ef]" name="tearDown" is-config="true" duration-ms="3833" started-at="2023-06-12T18:44:26 EDT" finished-at="2023-06-12T18:44:29 EDT">
          <reporter-output>
          </reporter-output>
        </test-method> <!-- tearDown -->
      </class> <!-- scripts._02_AppleTest -->
      <class name="scripts._04_TGLocatorsTest">
        <test-method status="PASS" signature="setUp()[pri:0, instance:scripts._04_TGLocatorsTest@7d0587f1]" name="setUp" is-config="true" duration-ms="1965" started-at="2023-06-12T18:47:28 EDT" finished-at="2023-06-12T18:47:30 EDT">
          <reporter-output>
          </reporter-output>
        </test-method> <!-- setUp -->
        <test-method status="PASS" signature="setPage()[pri:0, instance:scripts._04_TGLocatorsTest@7d0587f1]" name="setPage" is-config="true" duration-ms="1216" started-at="2023-06-12T18:47:30 EDT" finished-at="2023-06-12T18:47:31 EDT">
          <reporter-output>
          </reporter-output>
        </test-method> <!-- setPage -->
        <test-method status="PASS" signature="automationTools()[pri:0, instance:scripts._04_TGLocatorsTest@7d0587f1]" name="automationTools" duration-ms="299" started-at="2023-06-12T18:47:31 EDT" finished-at="2023-06-12T18:47:32 EDT">
          <reporter-output>
          </reporter-output>
        </test-method> <!-- automationTools -->
        <test-method status="PASS" signature="tearDown()[pri:0, instance:scripts._04_TGLocatorsTest@7d0587f1]" name="tearDown" is-config="true" duration-ms="859" started-at="2023-06-12T18:47:32 EDT" finished-at="2023-06-12T18:47:32 EDT">
          <reporter-output>
          </reporter-output>
        </test-method> <!-- tearDown -->
        <test-method status="PASS" signature="setUp()[pri:0, instance:scripts._04_TGLocatorsTest@7d0587f1]" name="setUp" is-config="true" duration-ms="1975" started-at="2023-06-12T18:47:32 EDT" finished-at="2023-06-12T18:47:34 EDT">
          <reporter-output>
          </reporter-output>
        </test-method> <!-- setUp -->
        <test-method status="PASS" signature="setPage()[pri:0, instance:scripts._04_TGLocatorsTest@7d0587f1]" name="setPage" is-config="true" duration-ms="1146" started-at="2023-06-12T18:47:34 EDT" finished-at="2023-06-12T18:47:36 EDT">
          <reporter-output>
          </reporter-output>
        </test-method> <!-- setPage -->
        <test-method status="PASS" signature="validateLanguages()[pri:0, instance:scripts._04_TGLocatorsTest@7d0587f1]" name="validateLanguages" duration-ms="171" started-at="2023-06-12T18:47:36 EDT" finished-at="2023-06-12T18:47:36 EDT">
          <reporter-output>
          </reporter-output>
        </test-method> <!-- validateLanguages -->
        <test-method status="PASS" signature="tearDown()[pri:0, instance:scripts._04_TGLocatorsTest@7d0587f1]" name="tearDown" is-config="true" duration-ms="781" started-at="2023-06-12T18:47:36 EDT" finished-at="2023-06-12T18:47:37 EDT">
          <reporter-output>
          </reporter-output>
        </test-method> <!-- tearDown -->
        <test-method status="PASS" signature="setUp()[pri:0, instance:scripts._04_TGLocatorsTest@7d0587f1]" name="setUp" is-config="true" duration-ms="1970" started-at="2023-06-12T18:47:37 EDT" finished-at="2023-06-12T18:47:38 EDT">
          <reporter-output>
          </reporter-output>
        </test-method> <!-- setUp -->
        <test-method status="PASS" signature="setPage()[pri:0, instance:scripts._04_TGLocatorsTest@7d0587f1]" name="setPage" is-config="true" duration-ms="1140" started-at="2023-06-12T18:47:38 EDT" finished-at="2023-06-12T18:47:40 EDT">
          <reporter-output>
          </reporter-output>
        </test-method> <!-- setPage -->
        <test-method status="PASS" signature="validateListHeaders()[pri:0, instance:scripts._04_TGLocatorsTest@7d0587f1]" name="validateListHeaders" duration-ms="136" started-at="2023-06-12T18:47:40 EDT" finished-at="2023-06-12T18:47:40 EDT">
          <reporter-output>
          </reporter-output>
        </test-method> <!-- validateListHeaders -->
        <test-method status="PASS" signature="tearDown()[pri:0, instance:scripts._04_TGLocatorsTest@7d0587f1]" name="tearDown" is-config="true" duration-ms="766" started-at="2023-06-12T18:47:40 EDT" finished-at="2023-06-12T18:47:41 EDT">
          <reporter-output>
          </reporter-output>
        </test-method> <!-- tearDown -->
        <test-method status="PASS" signature="setUp()[pri:0, instance:scripts._04_TGLocatorsTest@7d0587f1]" name="setUp" is-config="true" duration-ms="2193" started-at="2023-06-12T18:47:41 EDT" finished-at="2023-06-12T18:47:43 EDT">
          <reporter-output>
          </reporter-output>
        </test-method> <!-- setUp -->
        <test-method status="PASS" signature="setPage()[pri:0, instance:scripts._04_TGLocatorsTest@7d0587f1]" name="setPage" is-config="true" duration-ms="1095" started-at="2023-06-12T18:47:43 EDT" finished-at="2023-06-12T18:47:44 EDT">
          <reporter-output>
          </reporter-output>
        </test-method> <!-- setPage -->
        <test-method status="PASS" signature="validateTheHeader()[pri:0, instance:scripts._04_TGLocatorsTest@7d0587f1]" name="validateTheHeader" duration-ms="85" started-at="2023-06-12T18:47:44 EDT" finished-at="2023-06-12T18:47:44 EDT">
          <reporter-output>
          </reporter-output>
        </test-method> <!-- validateTheHeader -->
        <test-method status="PASS" signature="tearDown()[pri:0, instance:scripts._04_TGLocatorsTest@7d0587f1]" name="tearDown" is-config="true" duration-ms="794" started-at="2023-06-12T18:47:44 EDT" finished-at="2023-06-12T18:47:45 EDT">
          <reporter-output>
          </reporter-output>
        </test-method> <!-- tearDown -->
      </class> <!-- scripts._04_TGLocatorsTest -->
      <class name="scripts._09_TGCheckboxTest">
        <test-method status="PASS" signature="setUp()[pri:0, instance:scripts._09_TGCheckboxTest@76707e36]" name="setUp" is-config="true" duration-ms="1650" started-at="2023-06-12T18:49:03 EDT" finished-at="2023-06-12T18:49:04 EDT">
          <reporter-output>
          </reporter-output>
        </test-method> <!-- setUp -->
        <test-method status="PASS" signature="setPage()[pri:0, instance:scripts._09_TGCheckboxTest@76707e36]" name="setPage" is-config="true" duration-ms="1085" started-at="2023-06-12T18:49:04 EDT" finished-at="2023-06-12T18:49:05 EDT">
          <reporter-output>
          </reporter-output>
        </test-method> <!-- setPage -->
        <test-method status="PASS" signature="checkboxTest()[pri:0, instance:scripts._09_TGCheckboxTest@76707e36]" name="checkboxTest" duration-ms="444" started-at="2023-06-12T18:49:05 EDT" finished-at="2023-06-12T18:49:06 EDT">
          <reporter-output>
          </reporter-output>
        </test-method> <!-- checkboxTest -->
        <test-method status="PASS" signature="tearDown()[pri:0, instance:scripts._09_TGCheckboxTest@76707e36]" name="tearDown" is-config="true" duration-ms="761" started-at="2023-06-12T18:49:06 EDT" finished-at="2023-06-12T18:49:06 EDT">
          <reporter-output>
          </reporter-output>
        </test-method> <!-- tearDown -->
        <test-method status="PASS" signature="setUp()[pri:0, instance:scripts._09_TGCheckboxTest@76707e36]" name="setUp" is-config="true" duration-ms="2682" started-at="2023-06-12T18:49:06 EDT" finished-at="2023-06-12T18:49:09 EDT">
          <reporter-output>
          </reporter-output>
        </test-method> <!-- setUp -->
        <test-method status="PASS" signature="setPage()[pri:0, instance:scripts._09_TGCheckboxTest@76707e36]" name="setPage" is-config="true" duration-ms="1735" started-at="2023-06-12T18:49:09 EDT" finished-at="2023-06-12T18:49:11 EDT">
          <reporter-output>
          </reporter-output>
        </test-method> <!-- setPage -->
        <test-method status="PASS" signature="checkboxTest2()[pri:0, instance:scripts._09_TGCheckboxTest@76707e36]" name="checkboxTest2" duration-ms="503" started-at="2023-06-12T18:49:11 EDT" finished-at="2023-06-12T18:49:11 EDT">
          <reporter-output>
          </reporter-output>
        </test-method> <!-- checkboxTest2 -->
        <test-method status="PASS" signature="tearDown()[pri:0, instance:scripts._09_TGCheckboxTest@76707e36]" name="tearDown" is-config="true" duration-ms="797" started-at="2023-06-12T18:49:11 EDT" finished-at="2023-06-12T18:49:12 EDT">
          <reporter-output>
          </reporter-output>
        </test-method> <!-- tearDown -->
      </class> <!-- scripts._09_TGCheckboxTest -->
      <class name="scripts._03_ProjectTest">
        <test-method status="PASS" signature="setUp()[pri:0, instance:scripts._03_ProjectTest@5e853265]" name="setUp" is-config="true" duration-ms="1691" started-at="2023-06-12T18:45:41 EDT" finished-at="2023-06-12T18:45:43 EDT">
          <reporter-output>
          </reporter-output>
        </test-method> <!-- setUp -->
        <test-method status="PASS" signature="setPage()[pri:0, instance:scripts._03_ProjectTest@5e853265]" name="setPage" is-config="true" duration-ms="853" started-at="2023-06-12T18:45:43 EDT" finished-at="2023-06-12T18:45:44 EDT">
          <reporter-output>
          </reporter-output>
        </test-method> <!-- setPage -->
        <test-method status="FAIL" signature="validateBookYourTrip()[pri:1, instance:scripts._03_ProjectTest@5e853265]" name="validateBookYourTrip" duration-ms="30247" started-at="2023-06-12T18:45:44 EDT" description="Test Case 01=Validate the default Book your trip form" finished-at="2023-06-12T18:46:14 EDT">
          <exception class="org.openqa.selenium.NoSuchElementException">
            <message>
              <![CDATA[no such element: Unable to locate element: {"method":"xpath","selector":"(//label[@class=label])[2]"}
  (Session info: chrome=114.0.5735.110)
For documentation on this error, please visit: https://www.seleniumhq.org/exceptions/no_such_element.html
Build info: version: '3.141.59', revision: 'e82be7d358', time: '2018-11-14T08:17:03'
System info: host: 'HP', ip: '192.168.0.130', os.name: 'Windows 11', os.arch: 'amd64', os.version: '10.0', java.version: '1.8.0_361'
Driver info: org.openqa.selenium.chrome.ChromeDriver
Capabilities {acceptInsecureCerts: false, browserName: chrome, browserVersion: 114.0.5735.110, chrome: {chromedriverVersion: 114.0.5735.90 (386bc09e8f4f..., userDataDir: C:\Users\melek\AppData\Loca...}, goog:chromeOptions: {debuggerAddress: localhost:50669}, javascriptEnabled: true, networkConnectionEnabled: false, pageLoadStrategy: normal, platform: WINDOWS, platformName: WINDOWS, proxy: Proxy(), setWindowRect: true, strictFileInteractability: false, timeouts: {implicit: 0, pageLoad: 300000, script: 30000}, unhandledPromptBehavior: dismiss and notify, webauthn:extension:credBlob: true, webauthn:extension:largeBlob: true, webauthn:extension:minPinLength: true, webauthn:extension:prf: true, webauthn:virtualAuthenticators: true}
Session ID: a035c80e9d0e66215ba6cf9b1b8a53b6
*** Element info: {Using=xpath, value=(//label[@class=label])[2]}]]>
            </message>
            <full-stacktrace>
              <![CDATA[org.openqa.selenium.NoSuchElementException: no such element: Unable to locate element: {"method":"xpath","selector":"(//label[@class=label])[2]"}
  (Session info: chrome=114.0.5735.110)
For documentation on this error, please visit: https://www.seleniumhq.org/exceptions/no_such_element.html
Build info: version: '3.141.59', revision: 'e82be7d358', time: '2018-11-14T08:17:03'
System info: host: 'HP', ip: '192.168.0.130', os.name: 'Windows 11', os.arch: 'amd64', os.version: '10.0', java.version: '1.8.0_361'
Driver info: org.openqa.selenium.chrome.ChromeDriver
Capabilities {acceptInsecureCerts: false, browserName: chrome, browserVersion: 114.0.5735.110, chrome: {chromedriverVersion: 114.0.5735.90 (386bc09e8f4f..., userDataDir: C:\Users\melek\AppData\Loca...}, goog:chromeOptions: {debuggerAddress: localhost:50669}, javascriptEnabled: true, networkConnectionEnabled: false, pageLoadStrategy: normal, platform: WINDOWS, platformName: WINDOWS, proxy: Proxy(), setWindowRect: true, strictFileInteractability: false, timeouts: {implicit: 0, pageLoad: 300000, script: 30000}, unhandledPromptBehavior: dismiss and notify, webauthn:extension:credBlob: true, webauthn:extension:largeBlob: true, webauthn:extension:minPinLength: true, webauthn:extension:prf: true, webauthn:virtualAuthenticators: true}
Session ID: a035c80e9d0e66215ba6cf9b1b8a53b6
*** Element info: {Using=xpath, value=(//label[@class=label])[2]}
at sun.reflect.NativeConstructorAccessorImpl.newInstance0(Native Method)
at sun.reflect.NativeConstructorAccessorImpl.newInstance(NativeConstructorAccessorImpl.java:62)
at sun.reflect.DelegatingConstructorAccessorImpl.newInstance(DelegatingConstructorAccessorImpl.java:45)
at java.lang.reflect.Constructor.newInstance(Constructor.java:423)
at org.openqa.selenium.remote.http.W3CHttpResponseCodec.createException(W3CHttpResponseCodec.java:187)
at org.openqa.selenium.remote.http.W3CHttpResponseCodec.decode(W3CHttpResponseCodec.java:122)
at org.openqa.selenium.remote.http.W3CHttpResponseCodec.decode(W3CHttpResponseCodec.java:49)
at org.openqa.selenium.remote.HttpCommandExecutor.execute(HttpCommandExecutor.java:158)
at org.openqa.selenium.remote.service.DriverCommandExecutor.execute(DriverCommandExecutor.java:83)
at org.openqa.selenium.remote.RemoteWebDriver.execute(RemoteWebDriver.java:552)
at org.openqa.selenium.remote.RemoteWebDriver.findElement(RemoteWebDriver.java:323)
at org.openqa.selenium.remote.RemoteWebDriver.findElementByXPath(RemoteWebDriver.java:428)
at org.openqa.selenium.By$ByXPath.findElement(By.java:353)
at org.openqa.selenium.remote.RemoteWebDriver.findElement(RemoteWebDriver.java:315)
at org.openqa.selenium.support.pagefactory.DefaultElementLocator.findElement(DefaultElementLocator.java:69)
at org.openqa.selenium.support.pagefactory.internal.LocatingElementHandler.invoke(LocatingElementHandler.java:38)
at com.sun.proxy.$Proxy9.isDisplayed(Unknown Source)
at scripts._03_ProjectTest.validateBookYourTrip(_03_ProjectTest.java:47)
at sun.reflect.NativeMethodAccessorImpl.invoke0(Native Method)
at sun.reflect.NativeMethodAccessorImpl.invoke(NativeMethodAccessorImpl.java:62)
at sun.reflect.DelegatingMethodAccessorImpl.invoke(DelegatingMethodAccessorImpl.java:43)
at java.lang.reflect.Method.invoke(Method.java:498)
at org.testng.internal.MethodInvocationHelper.invokeMethod(MethodInvocationHelper.java:134)
at org.testng.internal.TestInvoker.invokeMethod(TestInvoker.java:597)
at org.testng.internal.TestInvoker.invokeTestMethod(TestInvoker.java:173)
at org.testng.internal.MethodRunner.runInSequence(MethodRunner.java:46)
at org.testng.internal.TestInvoker$MethodInvocationAgent.invoke(TestInvoker.java:816)
at org.testng.internal.TestInvoker.invokeTestMethods(TestInvoker.java:146)
at org.testng.internal.TestMethodWorker.invokeTestMethods(TestMethodWorker.java:146)
at org.testng.internal.TestMethodWorker.run(TestMethodWorker.java:128)
at java.util.ArrayList.forEach(ArrayList.java:1259)
at org.testng.TestRunner.privateRun(TestRunner.java:766)
at org.testng.TestRunner.run(TestRunner.java:587)
at org.testng.SuiteRunner.runTest(SuiteRunner.java:384)
at org.testng.SuiteRunner.runSequentially(SuiteRunner.java:378)
at org.testng.SuiteRunner.privateRun(SuiteRunner.java:337)
at org.testng.SuiteRunner.run(SuiteRunner.java:286)
at org.testng.SuiteRunnerWorker.runSuite(SuiteRunnerWorker.java:53)
at org.testng.SuiteRunnerWorker.run(SuiteRunnerWorker.java:96)
at org.testng.TestNG.runSuitesSequentially(TestNG.java:1187)
at org.testng.TestNG.runSuitesLocally(TestNG.java:1109)
at org.testng.TestNG.runSuites(TestNG.java:1039)
at org.testng.TestNG.run(TestNG.java:1007)
at org.apache.maven.surefire.testng.TestNGExecutor.run(TestNGExecutor.java:155)
at org.apache.maven.surefire.testng.TestNGDirectoryTestSuite.executeMulti(TestNGDirectoryTestSuite.java:169)
at org.apache.maven.surefire.testng.TestNGDirectoryTestSuite.execute(TestNGDirectoryTestSuite.java:88)
at org.apache.maven.surefire.testng.TestNGProvider.invoke(TestNGProvider.java:137)
at org.apache.maven.surefire.booter.ForkedBooter.runSuitesInProcess(ForkedBooter.java:385)
at org.apache.maven.surefire.booter.ForkedBooter.execute(ForkedBooter.java:162)
at org.apache.maven.surefire.booter.ForkedBooter.run(ForkedBooter.java:507)
at org.apache.maven.surefire.booter.ForkedBooter.main(ForkedBooter.java:495)
]]>
            </full-stacktrace>
          </exception> <!-- org.openqa.selenium.NoSuchElementException -->
          <reporter-output>
          </reporter-output>
        </test-method> <!-- validateBookYourTrip -->
        <test-method status="PASS" signature="tearDown()[pri:0, instance:scripts._03_ProjectTest@5e853265]" name="tearDown" is-config="true" duration-ms="777" started-at="2023-06-12T18:46:14 EDT" finished-at="2023-06-12T18:46:15 EDT">
          <reporter-output>
          </reporter-output>
        </test-method> <!-- tearDown -->
        <test-method status="PASS" signature="setUp()[pri:0, instance:scripts._03_ProjectTest@5e853265]" name="setUp" is-config="true" duration-ms="1682" started-at="2023-06-12T18:46:15 EDT" finished-at="2023-06-12T18:46:16 EDT">
          <reporter-output>
          </reporter-output>
        </test-method> <!-- setUp -->
        <test-method status="PASS" signature="setPage()[pri:0, instance:scripts._03_ProjectTest@5e853265]" name="setPage" is-config="true" duration-ms="975" started-at="2023-06-12T18:46:16 EDT" finished-at="2023-06-12T18:46:17 EDT">
          <reporter-output>
          </reporter-output>
        </test-method> <!-- setPage -->
        <test-method status="FAIL" signature="validateTestCase2()[pri:2, instance:scripts._03_ProjectTest@5e853265]" name="validateTestCase2" duration-ms="30328" started-at="2023-06-12T18:46:17 EDT" description="Test Case 02=Validate the Book your trip form when Round trip is selected" finished-at="2023-06-12T18:46:48 EDT">
          <exception class="org.openqa.selenium.NoSuchElementException">
            <message>
              <![CDATA[no such element: Unable to locate element: {"method":"xpath","selector":"(//label[@class=label])[2]"}
  (Session info: chrome=114.0.5735.110)
For documentation on this error, please visit: https://www.seleniumhq.org/exceptions/no_such_element.html
Build info: version: '3.141.59', revision: 'e82be7d358', time: '2018-11-14T08:17:03'
System info: host: 'HP', ip: '192.168.0.130', os.name: 'Windows 11', os.arch: 'amd64', os.version: '10.0', java.version: '1.8.0_361'
Driver info: org.openqa.selenium.chrome.ChromeDriver
Capabilities {acceptInsecureCerts: false, browserName: chrome, browserVersion: 114.0.5735.110, chrome: {chromedriverVersion: 114.0.5735.90 (386bc09e8f4f..., userDataDir: C:\Users\melek\AppData\Loca...}, goog:chromeOptions: {debuggerAddress: localhost:50709}, javascriptEnabled: true, networkConnectionEnabled: false, pageLoadStrategy: normal, platform: WINDOWS, platformName: WINDOWS, proxy: Proxy(), setWindowRect: true, strictFileInteractability: false, timeouts: {implicit: 0, pageLoad: 300000, script: 30000}, unhandledPromptBehavior: dismiss and notify, webauthn:extension:credBlob: true, webauthn:extension:largeBlob: true, webauthn:extension:minPinLength: true, webauthn:extension:prf: true, webauthn:virtualAuthenticators: true}
Session ID: a24a65a4053fa9a082d5457b0108afff
*** Element info: {Using=xpath, value=(//label[@class=label])[2]}]]>
            </message>
            <full-stacktrace>
              <![CDATA[org.openqa.selenium.NoSuchElementException: no such element: Unable to locate element: {"method":"xpath","selector":"(//label[@class=label])[2]"}
  (Session info: chrome=114.0.5735.110)
For documentation on this error, please visit: https://www.seleniumhq.org/exceptions/no_such_element.html
Build info: version: '3.141.59', revision: 'e82be7d358', time: '2018-11-14T08:17:03'
System info: host: 'HP', ip: '192.168.0.130', os.name: 'Windows 11', os.arch: 'amd64', os.version: '10.0', java.version: '1.8.0_361'
Driver info: org.openqa.selenium.chrome.ChromeDriver
Capabilities {acceptInsecureCerts: false, browserName: chrome, browserVersion: 114.0.5735.110, chrome: {chromedriverVersion: 114.0.5735.90 (386bc09e8f4f..., userDataDir: C:\Users\melek\AppData\Loca...}, goog:chromeOptions: {debuggerAddress: localhost:50709}, javascriptEnabled: true, networkConnectionEnabled: false, pageLoadStrategy: normal, platform: WINDOWS, platformName: WINDOWS, proxy: Proxy(), setWindowRect: true, strictFileInteractability: false, timeouts: {implicit: 0, pageLoad: 300000, script: 30000}, unhandledPromptBehavior: dismiss and notify, webauthn:extension:credBlob: true, webauthn:extension:largeBlob: true, webauthn:extension:minPinLength: true, webauthn:extension:prf: true, webauthn:virtualAuthenticators: true}
Session ID: a24a65a4053fa9a082d5457b0108afff
*** Element info: {Using=xpath, value=(//label[@class=label])[2]}
at sun.reflect.NativeConstructorAccessorImpl.newInstance0(Native Method)
at sun.reflect.NativeConstructorAccessorImpl.newInstance(NativeConstructorAccessorImpl.java:62)
at sun.reflect.DelegatingConstructorAccessorImpl.newInstance(DelegatingConstructorAccessorImpl.java:45)
at java.lang.reflect.Constructor.newInstance(Constructor.java:423)
at org.openqa.selenium.remote.http.W3CHttpResponseCodec.createException(W3CHttpResponseCodec.java:187)
at org.openqa.selenium.remote.http.W3CHttpResponseCodec.decode(W3CHttpResponseCodec.java:122)
at org.openqa.selenium.remote.http.W3CHttpResponseCodec.decode(W3CHttpResponseCodec.java:49)
at org.openqa.selenium.remote.HttpCommandExecutor.execute(HttpCommandExecutor.java:158)
at org.openqa.selenium.remote.service.DriverCommandExecutor.execute(DriverCommandExecutor.java:83)
at org.openqa.selenium.remote.RemoteWebDriver.execute(RemoteWebDriver.java:552)
at org.openqa.selenium.remote.RemoteWebDriver.findElement(RemoteWebDriver.java:323)
at org.openqa.selenium.remote.RemoteWebDriver.findElementByXPath(RemoteWebDriver.java:428)
at org.openqa.selenium.By$ByXPath.findElement(By.java:353)
at org.openqa.selenium.remote.RemoteWebDriver.findElement(RemoteWebDriver.java:315)
at org.openqa.selenium.support.pagefactory.DefaultElementLocator.findElement(DefaultElementLocator.java:69)
at org.openqa.selenium.support.pagefactory.internal.LocatingElementHandler.invoke(LocatingElementHandler.java:38)
at com.sun.proxy.$Proxy9.isDisplayed(Unknown Source)
at scripts._03_ProjectTest.validateTestCase2(_03_ProjectTest.java:99)
at sun.reflect.NativeMethodAccessorImpl.invoke0(Native Method)
at sun.reflect.NativeMethodAccessorImpl.invoke(NativeMethodAccessorImpl.java:62)
at sun.reflect.DelegatingMethodAccessorImpl.invoke(DelegatingMethodAccessorImpl.java:43)
at java.lang.reflect.Method.invoke(Method.java:498)
at org.testng.internal.MethodInvocationHelper.invokeMethod(MethodInvocationHelper.java:134)
at org.testng.internal.TestInvoker.invokeMethod(TestInvoker.java:597)
at org.testng.internal.TestInvoker.invokeTestMethod(TestInvoker.java:173)
at org.testng.internal.MethodRunner.runInSequence(MethodRunner.java:46)
at org.testng.internal.TestInvoker$MethodInvocationAgent.invoke(TestInvoker.java:816)
at org.testng.internal.TestInvoker.invokeTestMethods(TestInvoker.java:146)
at org.testng.internal.TestMethodWorker.invokeTestMethods(TestMethodWorker.java:146)
at org.testng.internal.TestMethodWorker.run(TestMethodWorker.java:128)
at java.util.ArrayList.forEach(ArrayList.java:1259)
at org.testng.TestRunner.privateRun(TestRunner.java:766)
at org.testng.TestRunner.run(TestRunner.java:587)
at org.testng.SuiteRunner.runTest(SuiteRunner.java:384)
at org.testng.SuiteRunner.runSequentially(SuiteRunner.java:378)
at org.testng.SuiteRunner.privateRun(SuiteRunner.java:337)
at org.testng.SuiteRunner.run(SuiteRunner.java:286)
at org.testng.SuiteRunnerWorker.runSuite(SuiteRunnerWorker.java:53)
at org.testng.SuiteRunnerWorker.run(SuiteRunnerWorker.java:96)
at org.testng.TestNG.runSuitesSequentially(TestNG.java:1187)
at org.testng.TestNG.runSuitesLocally(TestNG.java:1109)
at org.testng.TestNG.runSuites(TestNG.java:1039)
at org.testng.TestNG.run(TestNG.java:1007)
at org.apache.maven.surefire.testng.TestNGExecutor.run(TestNGExecutor.java:155)
at org.apache.maven.surefire.testng.TestNGDirectoryTestSuite.executeMulti(TestNGDirectoryTestSuite.java:169)
at org.apache.maven.surefire.testng.TestNGDirectoryTestSuite.execute(TestNGDirectoryTestSuite.java:88)
at org.apache.maven.surefire.testng.TestNGProvider.invoke(TestNGProvider.java:137)
at org.apache.maven.surefire.booter.ForkedBooter.runSuitesInProcess(ForkedBooter.java:385)
at org.apache.maven.surefire.booter.ForkedBooter.execute(ForkedBooter.java:162)
at org.apache.maven.surefire.booter.ForkedBooter.run(ForkedBooter.java:507)
at org.apache.maven.surefire.booter.ForkedBooter.main(ForkedBooter.java:495)
]]>
            </full-stacktrace>
          </exception> <!-- org.openqa.selenium.NoSuchElementException -->
          <reporter-output>
          </reporter-output>
        </test-method> <!-- validateTestCase2 -->
        <test-method status="PASS" signature="tearDown()[pri:0, instance:scripts._03_ProjectTest@5e853265]" name="tearDown" is-config="true" duration-ms="735" started-at="2023-06-12T18:46:48 EDT" finished-at="2023-06-12T18:46:48 EDT">
          <reporter-output>
          </reporter-output>
        </test-method> <!-- tearDown -->
        <test-method status="PASS" signature="setUp()[pri:0, instance:scripts._03_ProjectTest@5e853265]" name="setUp" is-config="true" duration-ms="1815" started-at="2023-06-12T18:46:48 EDT" finished-at="2023-06-12T18:46:50 EDT">
          <reporter-output>
          </reporter-output>
        </test-method> <!-- setUp -->
        <test-method status="PASS" signature="setPage()[pri:0, instance:scripts._03_ProjectTest@5e853265]" name="setPage" is-config="true" duration-ms="1019" started-at="2023-06-12T18:46:50 EDT" finished-at="2023-06-12T18:46:51 EDT">
          <reporter-output>
          </reporter-output>
        </test-method> <!-- setPage -->
        <test-method status="FAIL" signature="validateTest3()[pri:3, instance:scripts._03_ProjectTest@5e853265]" name="validateTest3" duration-ms="1327" started-at="2023-06-12T18:46:51 EDT" description="Test Case 03 - Validate the booking for 1 passenger and one way" finished-at="2023-06-12T18:46:52 EDT">
          <exception class="org.openqa.selenium.ElementNotInteractableException">
            <message>
              <![CDATA[element not interactable
  (Session info: chrome=114.0.5735.110)
Build info: version: '3.141.59', revision: 'e82be7d358', time: '2018-11-14T08:17:03'
System info: host: 'HP', ip: '192.168.0.130', os.name: 'Windows 11', os.arch: 'amd64', os.version: '10.0', java.version: '1.8.0_361'
Driver info: org.openqa.selenium.chrome.ChromeDriver
Capabilities {acceptInsecureCerts: false, browserName: chrome, browserVersion: 114.0.5735.110, chrome: {chromedriverVersion: 114.0.5735.90 (386bc09e8f4f..., userDataDir: C:\Users\melek\AppData\Loca...}, goog:chromeOptions: {debuggerAddress: localhost:50748}, javascriptEnabled: true, networkConnectionEnabled: false, pageLoadStrategy: normal, platform: WINDOWS, platformName: WINDOWS, proxy: Proxy(), setWindowRect: true, strictFileInteractability: false, timeouts: {implicit: 0, pageLoad: 300000, script: 30000}, unhandledPromptBehavior: dismiss and notify, webauthn:extension:credBlob: true, webauthn:extension:largeBlob: true, webauthn:extension:minPinLength: true, webauthn:extension:prf: true, webauthn:virtualAuthenticators: true}
Session ID: f35d79462bcca717b94758c1957f6fd4]]>
            </message>
            <full-stacktrace>
              <![CDATA[org.openqa.selenium.ElementNotInteractableException: element not interactable
  (Session info: chrome=114.0.5735.110)
Build info: version: '3.141.59', revision: 'e82be7d358', time: '2018-11-14T08:17:03'
System info: host: 'HP', ip: '192.168.0.130', os.name: 'Windows 11', os.arch: 'amd64', os.version: '10.0', java.version: '1.8.0_361'
Driver info: org.openqa.selenium.chrome.ChromeDriver
Capabilities {acceptInsecureCerts: false, browserName: chrome, browserVersion: 114.0.5735.110, chrome: {chromedriverVersion: 114.0.5735.90 (386bc09e8f4f..., userDataDir: C:\Users\melek\AppData\Loca...}, goog:chromeOptions: {debuggerAddress: localhost:50748}, javascriptEnabled: true, networkConnectionEnabled: false, pageLoadStrategy: normal, platform: WINDOWS, platformName: WINDOWS, proxy: Proxy(), setWindowRect: true, strictFileInteractability: false, timeouts: {implicit: 0, pageLoad: 300000, script: 30000}, unhandledPromptBehavior: dismiss and notify, webauthn:extension:credBlob: true, webauthn:extension:largeBlob: true, webauthn:extension:minPinLength: true, webauthn:extension:prf: true, webauthn:virtualAuthenticators: true}
Session ID: f35d79462bcca717b94758c1957f6fd4
at sun.reflect.NativeConstructorAccessorImpl.newInstance0(Native Method)
at sun.reflect.NativeConstructorAccessorImpl.newInstance(NativeConstructorAccessorImpl.java:62)
at sun.reflect.DelegatingConstructorAccessorImpl.newInstance(DelegatingConstructorAccessorImpl.java:45)
at java.lang.reflect.Constructor.newInstance(Constructor.java:423)
at org.openqa.selenium.remote.http.W3CHttpResponseCodec.createException(W3CHttpResponseCodec.java:187)
at org.openqa.selenium.remote.http.W3CHttpResponseCodec.decode(W3CHttpResponseCodec.java:122)
at org.openqa.selenium.remote.http.W3CHttpResponseCodec.decode(W3CHttpResponseCodec.java:49)
at org.openqa.selenium.remote.HttpCommandExecutor.execute(HttpCommandExecutor.java:158)
at org.openqa.selenium.remote.service.DriverCommandExecutor.execute(DriverCommandExecutor.java:83)
at org.openqa.selenium.remote.RemoteWebDriver.execute(RemoteWebDriver.java:552)
at org.openqa.selenium.remote.RemoteWebElement.execute(RemoteWebElement.java:285)
at org.openqa.selenium.remote.RemoteWebElement.sendKeys(RemoteWebElement.java:106)
at sun.reflect.NativeMethodAccessorImpl.invoke0(Native Method)
at sun.reflect.NativeMethodAccessorImpl.invoke(NativeMethodAccessorImpl.java:62)
at sun.reflect.DelegatingMethodAccessorImpl.invoke(DelegatingMethodAccessorImpl.java:43)
at java.lang.reflect.Method.invoke(Method.java:498)
at org.openqa.selenium.support.pagefactory.internal.LocatingElementHandler.invoke(LocatingElementHandler.java:51)
at com.sun.proxy.$Proxy9.sendKeys(Unknown Source)
at scripts._03_ProjectTest.validateTest3(_03_ProjectTest.java:151)
at sun.reflect.NativeMethodAccessorImpl.invoke0(Native Method)
at sun.reflect.NativeMethodAccessorImpl.invoke(NativeMethodAccessorImpl.java:62)
at sun.reflect.DelegatingMethodAccessorImpl.invoke(DelegatingMethodAccessorImpl.java:43)
at java.lang.reflect.Method.invoke(Method.java:498)
at org.testng.internal.MethodInvocationHelper.invokeMethod(MethodInvocationHelper.java:134)
at org.testng.internal.TestInvoker.invokeMethod(TestInvoker.java:597)
at org.testng.internal.TestInvoker.invokeTestMethod(TestInvoker.java:173)
at org.testng.internal.MethodRunner.runInSequence(MethodRunner.java:46)
at org.testng.internal.TestInvoker$MethodInvocationAgent.invoke(TestInvoker.java:816)
at org.testng.internal.TestInvoker.invokeTestMethods(TestInvoker.java:146)
at org.testng.internal.TestMethodWorker.invokeTestMethods(TestMethodWorker.java:146)
at org.testng.internal.TestMethodWorker.run(TestMethodWorker.java:128)
at java.util.ArrayList.forEach(ArrayList.java:1259)
at org.testng.TestRunner.privateRun(TestRunner.java:766)
at org.testng.TestRunner.run(TestRunner.java:587)
at org.testng.SuiteRunner.runTest(SuiteRunner.java:384)
at org.testng.SuiteRunner.runSequentially(SuiteRunner.java:378)
at org.testng.SuiteRunner.privateRun(SuiteRunner.java:337)
at org.testng.SuiteRunner.run(SuiteRunner.java:286)
at org.testng.SuiteRunnerWorker.runSuite(SuiteRunnerWorker.java:53)
at org.testng.SuiteRunnerWorker.run(SuiteRunnerWorker.java:96)
at org.testng.TestNG.runSuitesSequentially(TestNG.java:1187)
at org.testng.TestNG.runSuitesLocally(TestNG.java:1109)
at org.testng.TestNG.runSuites(TestNG.java:1039)
at org.testng.TestNG.run(TestNG.java:1007)
at org.apache.maven.surefire.testng.TestNGExecutor.run(TestNGExecutor.java:155)
at org.apache.maven.surefire.testng.TestNGDirectoryTestSuite.executeMulti(TestNGDirectoryTestSuite.java:169)
at org.apache.maven.surefire.testng.TestNGDirectoryTestSuite.execute(TestNGDirectoryTestSuite.java:88)
at org.apache.maven.surefire.testng.TestNGProvider.invoke(TestNGProvider.java:137)
at org.apache.maven.surefire.booter.ForkedBooter.runSuitesInProcess(ForkedBooter.java:385)
at org.apache.maven.surefire.booter.ForkedBooter.execute(ForkedBooter.java:162)
at org.apache.maven.surefire.booter.ForkedBooter.run(ForkedBooter.java:507)
at org.apache.maven.surefire.booter.ForkedBooter.main(ForkedBooter.java:495)
]]>
            </full-stacktrace>
          </exception> <!-- org.openqa.selenium.ElementNotInteractableException -->
          <reporter-output>
          </reporter-output>
        </test-method> <!-- validateTest3 -->
        <test-method status="PASS" signature="tearDown()[pri:0, instance:scripts._03_ProjectTest@5e853265]" name="tearDown" is-config="true" duration-ms="822" started-at="2023-06-12T18:46:52 EDT" finished-at="2023-06-12T18:46:53 EDT">
          <reporter-output>
          </reporter-output>
        </test-method> <!-- tearDown -->
        <test-method status="PASS" signature="setUp()[pri:0, instance:scripts._03_ProjectTest@5e853265]" name="setUp" is-config="true" duration-ms="2297" started-at="2023-06-12T18:46:53 EDT" finished-at="2023-06-12T18:46:56 EDT">
          <reporter-output>
          </reporter-output>
        </test-method> <!-- setUp -->
        <test-method status="PASS" signature="setPage()[pri:0, instance:scripts._03_ProjectTest@5e853265]" name="setPage" is-config="true" duration-ms="1061" started-at="2023-06-12T18:46:56 EDT" finished-at="2023-06-12T18:46:57 EDT">
          <reporter-output>
          </reporter-output>
        </test-method> <!-- setPage -->
        <test-method status="FAIL" signature="validateTest4()[pri:4, instance:scripts._03_ProjectTest@5e853265]" name="validateTest4" duration-ms="1189" started-at="2023-06-12T18:46:57 EDT" description="Test Case 04 - Validate the booking for 1 passenger and round trip" finished-at="2023-06-12T18:46:58 EDT">
          <exception class="org.openqa.selenium.ElementNotInteractableException">
            <message>
              <![CDATA[element not interactable
  (Session info: chrome=114.0.5735.110)
Build info: version: '3.141.59', revision: 'e82be7d358', time: '2018-11-14T08:17:03'
System info: host: 'HP', ip: '192.168.0.130', os.name: 'Windows 11', os.arch: 'amd64', os.version: '10.0', java.version: '1.8.0_361'
Driver info: org.openqa.selenium.chrome.ChromeDriver
Capabilities {acceptInsecureCerts: false, browserName: chrome, browserVersion: 114.0.5735.110, chrome: {chromedriverVersion: 114.0.5735.90 (386bc09e8f4f..., userDataDir: C:\Users\melek\AppData\Loca...}, goog:chromeOptions: {debuggerAddress: localhost:50769}, javascriptEnabled: true, networkConnectionEnabled: false, pageLoadStrategy: normal, platform: WINDOWS, platformName: WINDOWS, proxy: Proxy(), setWindowRect: true, strictFileInteractability: false, timeouts: {implicit: 0, pageLoad: 300000, script: 30000}, unhandledPromptBehavior: dismiss and notify, webauthn:extension:credBlob: true, webauthn:extension:largeBlob: true, webauthn:extension:minPinLength: true, webauthn:extension:prf: true, webauthn:virtualAuthenticators: true}
Session ID: 9eeb6d4629ee0cf870dc362656d58fa9]]>
            </message>
            <full-stacktrace>
              <![CDATA[org.openqa.selenium.ElementNotInteractableException: element not interactable
  (Session info: chrome=114.0.5735.110)
Build info: version: '3.141.59', revision: 'e82be7d358', time: '2018-11-14T08:17:03'
System info: host: 'HP', ip: '192.168.0.130', os.name: 'Windows 11', os.arch: 'amd64', os.version: '10.0', java.version: '1.8.0_361'
Driver info: org.openqa.selenium.chrome.ChromeDriver
Capabilities {acceptInsecureCerts: false, browserName: chrome, browserVersion: 114.0.5735.110, chrome: {chromedriverVersion: 114.0.5735.90 (386bc09e8f4f..., userDataDir: C:\Users\melek\AppData\Loca...}, goog:chromeOptions: {debuggerAddress: localhost:50769}, javascriptEnabled: true, networkConnectionEnabled: false, pageLoadStrategy: normal, platform: WINDOWS, platformName: WINDOWS, proxy: Proxy(), setWindowRect: true, strictFileInteractability: false, timeouts: {implicit: 0, pageLoad: 300000, script: 30000}, unhandledPromptBehavior: dismiss and notify, webauthn:extension:credBlob: true, webauthn:extension:largeBlob: true, webauthn:extension:minPinLength: true, webauthn:extension:prf: true, webauthn:virtualAuthenticators: true}
Session ID: 9eeb6d4629ee0cf870dc362656d58fa9
at sun.reflect.NativeConstructorAccessorImpl.newInstance0(Native Method)
at sun.reflect.NativeConstructorAccessorImpl.newInstance(NativeConstructorAccessorImpl.java:62)
at sun.reflect.DelegatingConstructorAccessorImpl.newInstance(DelegatingConstructorAccessorImpl.java:45)
at java.lang.reflect.Constructor.newInstance(Constructor.java:423)
at org.openqa.selenium.remote.http.W3CHttpResponseCodec.createException(W3CHttpResponseCodec.java:187)
at org.openqa.selenium.remote.http.W3CHttpResponseCodec.decode(W3CHttpResponseCodec.java:122)
at org.openqa.selenium.remote.http.W3CHttpResponseCodec.decode(W3CHttpResponseCodec.java:49)
at org.openqa.selenium.remote.HttpCommandExecutor.execute(HttpCommandExecutor.java:158)
at org.openqa.selenium.remote.service.DriverCommandExecutor.execute(DriverCommandExecutor.java:83)
at org.openqa.selenium.remote.RemoteWebDriver.execute(RemoteWebDriver.java:552)
at org.openqa.selenium.remote.RemoteWebElement.execute(RemoteWebElement.java:285)
at org.openqa.selenium.remote.RemoteWebElement.sendKeys(RemoteWebElement.java:106)
at sun.reflect.NativeMethodAccessorImpl.invoke0(Native Method)
at sun.reflect.NativeMethodAccessorImpl.invoke(NativeMethodAccessorImpl.java:62)
at sun.reflect.DelegatingMethodAccessorImpl.invoke(DelegatingMethodAccessorImpl.java:43)
at java.lang.reflect.Method.invoke(Method.java:498)
at org.openqa.selenium.support.pagefactory.internal.LocatingElementHandler.invoke(LocatingElementHandler.java:51)
at com.sun.proxy.$Proxy9.sendKeys(Unknown Source)
at scripts._03_ProjectTest.validateTest4(_03_ProjectTest.java:191)
at sun.reflect.NativeMethodAccessorImpl.invoke0(Native Method)
at sun.reflect.NativeMethodAccessorImpl.invoke(NativeMethodAccessorImpl.java:62)
at sun.reflect.DelegatingMethodAccessorImpl.invoke(DelegatingMethodAccessorImpl.java:43)
at java.lang.reflect.Method.invoke(Method.java:498)
at org.testng.internal.MethodInvocationHelper.invokeMethod(MethodInvocationHelper.java:134)
at org.testng.internal.TestInvoker.invokeMethod(TestInvoker.java:597)
at org.testng.internal.TestInvoker.invokeTestMethod(TestInvoker.java:173)
at org.testng.internal.MethodRunner.runInSequence(MethodRunner.java:46)
at org.testng.internal.TestInvoker$MethodInvocationAgent.invoke(TestInvoker.java:816)
at org.testng.internal.TestInvoker.invokeTestMethods(TestInvoker.java:146)
at org.testng.internal.TestMethodWorker.invokeTestMethods(TestMethodWorker.java:146)
at org.testng.internal.TestMethodWorker.run(TestMethodWorker.java:128)
at java.util.ArrayList.forEach(ArrayList.java:1259)
at org.testng.TestRunner.privateRun(TestRunner.java:766)
at org.testng.TestRunner.run(TestRunner.java:587)
at org.testng.SuiteRunner.runTest(SuiteRunner.java:384)
at org.testng.SuiteRunner.runSequentially(SuiteRunner.java:378)
at org.testng.SuiteRunner.privateRun(SuiteRunner.java:337)
at org.testng.SuiteRunner.run(SuiteRunner.java:286)
at org.testng.SuiteRunnerWorker.runSuite(SuiteRunnerWorker.java:53)
at org.testng.SuiteRunnerWorker.run(SuiteRunnerWorker.java:96)
at org.testng.TestNG.runSuitesSequentially(TestNG.java:1187)
at org.testng.TestNG.runSuitesLocally(TestNG.java:1109)
at org.testng.TestNG.runSuites(TestNG.java:1039)
at org.testng.TestNG.run(TestNG.java:1007)
at org.apache.maven.surefire.testng.TestNGExecutor.run(TestNGExecutor.java:155)
at org.apache.maven.surefire.testng.TestNGDirectoryTestSuite.executeMulti(TestNGDirectoryTestSuite.java:169)
at org.apache.maven.surefire.testng.TestNGDirectoryTestSuite.execute(TestNGDirectoryTestSuite.java:88)
at org.apache.maven.surefire.testng.TestNGProvider.invoke(TestNGProvider.java:137)
at org.apache.maven.surefire.booter.ForkedBooter.runSuitesInProcess(ForkedBooter.java:385)
at org.apache.maven.surefire.booter.ForkedBooter.execute(ForkedBooter.java:162)
at org.apache.maven.surefire.booter.ForkedBooter.run(ForkedBooter.java:507)
at org.apache.maven.surefire.booter.ForkedBooter.main(ForkedBooter.java:495)
]]>
            </full-stacktrace>
          </exception> <!-- org.openqa.selenium.ElementNotInteractableException -->
          <reporter-output>
          </reporter-output>
        </test-method> <!-- validateTest4 -->
        <test-method status="PASS" signature="tearDown()[pri:0, instance:scripts._03_ProjectTest@5e853265]" name="tearDown" is-config="true" duration-ms="746" started-at="2023-06-12T18:46:58 EDT" finished-at="2023-06-12T18:46:59 EDT">
          <reporter-output>
          </reporter-output>
        </test-method> <!-- tearDown -->
        <test-method status="PASS" signature="setUp()[pri:0, instance:scripts._03_ProjectTest@5e853265]" name="setUp" is-config="true" duration-ms="1927" started-at="2023-06-12T18:46:59 EDT" finished-at="2023-06-12T18:47:01 EDT">
          <reporter-output>
          </reporter-output>
        </test-method> <!-- setUp -->
        <test-method status="PASS" signature="setPage()[pri:0, instance:scripts._03_ProjectTest@5e853265]" name="setPage" is-config="true" duration-ms="902" started-at="2023-06-12T18:47:01 EDT" finished-at="2023-06-12T18:47:01 EDT">
          <reporter-output>
          </reporter-output>
        </test-method> <!-- setPage -->
        <test-method status="FAIL" signature="validateTest5()[pri:5, instance:scripts._03_ProjectTest@5e853265]" name="validateTest5" duration-ms="1526" started-at="2023-06-12T18:47:01 EDT" description="Test Case 05 - Validate the booking for 2 passengers and one way" finished-at="2023-06-12T18:47:03 EDT">
          <exception class="org.openqa.selenium.ElementNotInteractableException">
            <message>
              <![CDATA[element not interactable
  (Session info: chrome=114.0.5735.110)
Build info: version: '3.141.59', revision: 'e82be7d358', time: '2018-11-14T08:17:03'
System info: host: 'HP', ip: '192.168.0.130', os.name: 'Windows 11', os.arch: 'amd64', os.version: '10.0', java.version: '1.8.0_361'
Driver info: org.openqa.selenium.chrome.ChromeDriver
Capabilities {acceptInsecureCerts: false, browserName: chrome, browserVersion: 114.0.5735.110, chrome: {chromedriverVersion: 114.0.5735.90 (386bc09e8f4f..., userDataDir: C:\Users\melek\AppData\Loca...}, goog:chromeOptions: {debuggerAddress: localhost:50790}, javascriptEnabled: true, networkConnectionEnabled: false, pageLoadStrategy: normal, platform: WINDOWS, platformName: WINDOWS, proxy: Proxy(), setWindowRect: true, strictFileInteractability: false, timeouts: {implicit: 0, pageLoad: 300000, script: 30000}, unhandledPromptBehavior: dismiss and notify, webauthn:extension:credBlob: true, webauthn:extension:largeBlob: true, webauthn:extension:minPinLength: true, webauthn:extension:prf: true, webauthn:virtualAuthenticators: true}
Session ID: bd909b2b683e9dab40af24ebcad29e5a]]>
            </message>
            <full-stacktrace>
              <![CDATA[org.openqa.selenium.ElementNotInteractableException: element not interactable
  (Session info: chrome=114.0.5735.110)
Build info: version: '3.141.59', revision: 'e82be7d358', time: '2018-11-14T08:17:03'
System info: host: 'HP', ip: '192.168.0.130', os.name: 'Windows 11', os.arch: 'amd64', os.version: '10.0', java.version: '1.8.0_361'
Driver info: org.openqa.selenium.chrome.ChromeDriver
Capabilities {acceptInsecureCerts: false, browserName: chrome, browserVersion: 114.0.5735.110, chrome: {chromedriverVersion: 114.0.5735.90 (386bc09e8f4f..., userDataDir: C:\Users\melek\AppData\Loca...}, goog:chromeOptions: {debuggerAddress: localhost:50790}, javascriptEnabled: true, networkConnectionEnabled: false, pageLoadStrategy: normal, platform: WINDOWS, platformName: WINDOWS, proxy: Proxy(), setWindowRect: true, strictFileInteractability: false, timeouts: {implicit: 0, pageLoad: 300000, script: 30000}, unhandledPromptBehavior: dismiss and notify, webauthn:extension:credBlob: true, webauthn:extension:largeBlob: true, webauthn:extension:minPinLength: true, webauthn:extension:prf: true, webauthn:virtualAuthenticators: true}
Session ID: bd909b2b683e9dab40af24ebcad29e5a
at sun.reflect.NativeConstructorAccessorImpl.newInstance0(Native Method)
at sun.reflect.NativeConstructorAccessorImpl.newInstance(NativeConstructorAccessorImpl.java:62)
at sun.reflect.DelegatingConstructorAccessorImpl.newInstance(DelegatingConstructorAccessorImpl.java:45)
at java.lang.reflect.Constructor.newInstance(Constructor.java:423)
at org.openqa.selenium.remote.http.W3CHttpResponseCodec.createException(W3CHttpResponseCodec.java:187)
at org.openqa.selenium.remote.http.W3CHttpResponseCodec.decode(W3CHttpResponseCodec.java:122)
at org.openqa.selenium.remote.http.W3CHttpResponseCodec.decode(W3CHttpResponseCodec.java:49)
at org.openqa.selenium.remote.HttpCommandExecutor.execute(HttpCommandExecutor.java:158)
at org.openqa.selenium.remote.service.DriverCommandExecutor.execute(DriverCommandExecutor.java:83)
at org.openqa.selenium.remote.RemoteWebDriver.execute(RemoteWebDriver.java:552)
at org.openqa.selenium.remote.RemoteWebElement.execute(RemoteWebElement.java:285)
at org.openqa.selenium.remote.RemoteWebElement.sendKeys(RemoteWebElement.java:106)
at sun.reflect.NativeMethodAccessorImpl.invoke0(Native Method)
at sun.reflect.NativeMethodAccessorImpl.invoke(NativeMethodAccessorImpl.java:62)
at sun.reflect.DelegatingMethodAccessorImpl.invoke(DelegatingMethodAccessorImpl.java:43)
at java.lang.reflect.Method.invoke(Method.java:498)
at org.openqa.selenium.support.pagefactory.internal.LocatingElementHandler.invoke(LocatingElementHandler.java:51)
at com.sun.proxy.$Proxy9.sendKeys(Unknown Source)
at scripts._03_ProjectTest.validateTest5(_03_ProjectTest.java:228)
at sun.reflect.NativeMethodAccessorImpl.invoke0(Native Method)
at sun.reflect.NativeMethodAccessorImpl.invoke(NativeMethodAccessorImpl.java:62)
at sun.reflect.DelegatingMethodAccessorImpl.invoke(DelegatingMethodAccessorImpl.java:43)
at java.lang.reflect.Method.invoke(Method.java:498)
at org.testng.internal.MethodInvocationHelper.invokeMethod(MethodInvocationHelper.java:134)
at org.testng.internal.TestInvoker.invokeMethod(TestInvoker.java:597)
at org.testng.internal.TestInvoker.invokeTestMethod(TestInvoker.java:173)
at org.testng.internal.MethodRunner.runInSequence(MethodRunner.java:46)
at org.testng.internal.TestInvoker$MethodInvocationAgent.invoke(TestInvoker.java:816)
at org.testng.internal.TestInvoker.invokeTestMethods(TestInvoker.java:146)
at org.testng.internal.TestMethodWorker.invokeTestMethods(TestMethodWorker.java:146)
at org.testng.internal.TestMethodWorker.run(TestMethodWorker.java:128)
at java.util.ArrayList.forEach(ArrayList.java:1259)
at org.testng.TestRunner.privateRun(TestRunner.java:766)
at org.testng.TestRunner.run(TestRunner.java:587)
at org.testng.SuiteRunner.runTest(SuiteRunner.java:384)
at org.testng.SuiteRunner.runSequentially(SuiteRunner.java:378)
at org.testng.SuiteRunner.privateRun(SuiteRunner.java:337)
at org.testng.SuiteRunner.run(SuiteRunner.java:286)
at org.testng.SuiteRunnerWorker.runSuite(SuiteRunnerWorker.java:53)
at org.testng.SuiteRunnerWorker.run(SuiteRunnerWorker.java:96)
at org.testng.TestNG.runSuitesSequentially(TestNG.java:1187)
at org.testng.TestNG.runSuitesLocally(TestNG.java:1109)
at org.testng.TestNG.runSuites(TestNG.java:1039)
at org.testng.TestNG.run(TestNG.java:1007)
at org.apache.maven.surefire.testng.TestNGExecutor.run(TestNGExecutor.java:155)
at org.apache.maven.surefire.testng.TestNGDirectoryTestSuite.executeMulti(TestNGDirectoryTestSuite.java:169)
at org.apache.maven.surefire.testng.TestNGDirectoryTestSuite.execute(TestNGDirectoryTestSuite.java:88)
at org.apache.maven.surefire.testng.TestNGProvider.invoke(TestNGProvider.java:137)
at org.apache.maven.surefire.booter.ForkedBooter.runSuitesInProcess(ForkedBooter.java:385)
at org.apache.maven.surefire.booter.ForkedBooter.execute(ForkedBooter.java:162)
at org.apache.maven.surefire.booter.ForkedBooter.run(ForkedBooter.java:507)
at org.apache.maven.surefire.booter.ForkedBooter.main(ForkedBooter.java:495)
]]>
            </full-stacktrace>
          </exception> <!-- org.openqa.selenium.ElementNotInteractableException -->
          <reporter-output>
          </reporter-output>
        </test-method> <!-- validateTest5 -->
        <test-method status="PASS" signature="tearDown()[pri:0, instance:scripts._03_ProjectTest@5e853265]" name="tearDown" is-config="true" duration-ms="761" started-at="2023-06-12T18:47:03 EDT" finished-at="2023-06-12T18:47:04 EDT">
          <reporter-output>
          </reporter-output>
        </test-method> <!-- tearDown -->
      </class> <!-- scripts._03_ProjectTest -->
      <class name="scripts._10_TGRadioButtonsTest">
        <test-method status="PASS" signature="setUp()[pri:0, instance:scripts._10_TGRadioButtonsTest@614ddd49]" name="setUp" is-config="true" duration-ms="2279" started-at="2023-06-12T18:49:12 EDT" finished-at="2023-06-12T18:49:14 EDT">
          <reporter-output>
          </reporter-output>
        </test-method> <!-- setUp -->
        <test-method status="PASS" signature="setPage()[pri:0, instance:scripts._10_TGRadioButtonsTest@614ddd49]" name="setPage" is-config="true" duration-ms="1533" started-at="2023-06-12T18:49:14 EDT" finished-at="2023-06-12T18:49:16 EDT">
          <reporter-output>
          </reporter-output>
        </test-method> <!-- setPage -->
        <test-method status="PASS" signature="radioButtonsTest()[pri:0, instance:scripts._10_TGRadioButtonsTest@614ddd49]" name="radioButtonsTest" duration-ms="537" started-at="2023-06-12T18:49:16 EDT" finished-at="2023-06-12T18:49:17 EDT">
          <reporter-output>
          </reporter-output>
        </test-method> <!-- radioButtonsTest -->
        <test-method status="PASS" signature="tearDown()[pri:0, instance:scripts._10_TGRadioButtonsTest@614ddd49]" name="tearDown" is-config="true" duration-ms="784" started-at="2023-06-12T18:49:17 EDT" finished-at="2023-06-12T18:49:17 EDT">
          <reporter-output>
          </reporter-output>
        </test-method> <!-- tearDown -->
        <test-method status="PASS" signature="setUp()[pri:0, instance:scripts._10_TGRadioButtonsTest@614ddd49]" name="setUp" is-config="true" duration-ms="1973" started-at="2023-06-12T18:49:17 EDT" finished-at="2023-06-12T18:49:19 EDT">
          <reporter-output>
          </reporter-output>
        </test-method> <!-- setUp -->
        <test-method status="PASS" signature="setPage()[pri:0, instance:scripts._10_TGRadioButtonsTest@614ddd49]" name="setPage" is-config="true" duration-ms="1379" started-at="2023-06-12T18:49:19 EDT" finished-at="2023-06-12T18:49:21 EDT">
          <reporter-output>
          </reporter-output>
        </test-method> <!-- setPage -->
        <test-method status="PASS" signature="validatePracticeMore()[pri:0, instance:scripts._10_TGRadioButtonsTest@614ddd49]" name="validatePracticeMore" duration-ms="434" started-at="2023-06-12T18:49:21 EDT" finished-at="2023-06-12T18:49:21 EDT">
          <reporter-output>
          </reporter-output>
        </test-method> <!-- validatePracticeMore -->
        <test-method status="PASS" signature="tearDown()[pri:0, instance:scripts._10_TGRadioButtonsTest@614ddd49]" name="tearDown" is-config="true" duration-ms="745" started-at="2023-06-12T18:49:21 EDT" finished-at="2023-06-12T18:49:22 EDT">
          <reporter-output>
          </reporter-output>
        </test-method> <!-- tearDown -->
      </class> <!-- scripts._10_TGRadioButtonsTest -->
      <class name="scripts._20_GoogleSearchTest">
        <test-method status="PASS" signature="setUp()[pri:0, instance:scripts._20_GoogleSearchTest@71bbf57e]" name="setUp" is-config="true" duration-ms="1770" started-at="2023-06-12T18:54:38 EDT" finished-at="2023-06-12T18:54:40 EDT">
          <reporter-output>
          </reporter-output>
        </test-method> <!-- setUp -->
        <test-method status="PASS" signature="setPage()[pri:0, instance:scripts._20_GoogleSearchTest@71bbf57e]" name="setPage" is-config="true" duration-ms="731" started-at="2023-06-12T18:54:40 EDT" finished-at="2023-06-12T18:54:41 EDT">
          <reporter-output>
          </reporter-output>
        </test-method> <!-- setPage -->
        <test-method status="PASS" signature="validateTheGoogleSearchResult()[pri:1, instance:scripts._20_GoogleSearchTest@71bbf57e]" name="validateTheGoogleSearchResult" duration-ms="2333" started-at="2023-06-12T18:54:41 EDT" description="Validate the Google Search" finished-at="2023-06-12T18:54:43 EDT">
          <reporter-output>
          </reporter-output>
        </test-method> <!-- validateTheGoogleSearchResult -->
        <test-method status="PASS" signature="tearDown()[pri:0, instance:scripts._20_GoogleSearchTest@71bbf57e]" name="tearDown" is-config="true" duration-ms="805" started-at="2023-06-12T18:54:43 EDT" finished-at="2023-06-12T18:54:44 EDT">
          <reporter-output>
          </reporter-output>
        </test-method> <!-- tearDown -->
        <test-method status="PASS" signature="setUp()[pri:0, instance:scripts._20_GoogleSearchTest@71bbf57e]" name="setUp" is-config="true" duration-ms="1831" started-at="2023-06-12T18:54:44 EDT" finished-at="2023-06-12T18:54:46 EDT">
          <reporter-output>
          </reporter-output>
        </test-method> <!-- setUp -->
        <test-method status="PASS" signature="setPage()[pri:0, instance:scripts._20_GoogleSearchTest@71bbf57e]" name="setPage" is-config="true" duration-ms="684" started-at="2023-06-12T18:54:46 EDT" finished-at="2023-06-12T18:54:46 EDT">
          <reporter-output>
          </reporter-output>
        </test-method> <!-- setPage -->
        <test-method status="PASS" signature="validateTheSearch(java.lang.String)[pri:2, instance:scripts._20_GoogleSearchTest@71bbf57e]" name="validateTheSearch" duration-ms="2457" started-at="2023-06-12T18:54:46 EDT" description="Validate the Google Search" data-provider="searchKeys" finished-at="2023-06-12T18:54:49 EDT">
          <params>
            <param index="0">
              <value>
                <![CDATA[Tesla]]>
              </value>
            </param>
          </params>
          <reporter-output>
          </reporter-output>
        </test-method> <!-- validateTheSearch -->
        <test-method status="PASS" signature="tearDown()[pri:0, instance:scripts._20_GoogleSearchTest@71bbf57e]" name="tearDown" is-config="true" duration-ms="804" started-at="2023-06-12T18:54:49 EDT" finished-at="2023-06-12T18:54:49 EDT">
          <reporter-output>
          </reporter-output>
        </test-method> <!-- tearDown -->
        <test-method status="PASS" signature="setUp()[pri:0, instance:scripts._20_GoogleSearchTest@71bbf57e]" name="setUp" is-config="true" duration-ms="1940" started-at="2023-06-12T18:54:49 EDT" finished-at="2023-06-12T18:54:51 EDT">
          <reporter-output>
          </reporter-output>
        </test-method> <!-- setUp -->
        <test-method status="PASS" signature="setPage()[pri:0, instance:scripts._20_GoogleSearchTest@71bbf57e]" name="setPage" is-config="true" duration-ms="743" started-at="2023-06-12T18:54:51 EDT" finished-at="2023-06-12T18:54:52 EDT">
          <reporter-output>
          </reporter-output>
        </test-method> <!-- setPage -->
        <test-method status="PASS" signature="validateTheSearch(java.lang.String)[pri:2, instance:scripts._20_GoogleSearchTest@71bbf57e]" name="validateTheSearch" duration-ms="2051" started-at="2023-06-12T18:54:52 EDT" description="Validate the Google Search" data-provider="searchKeys" finished-at="2023-06-12T18:54:54 EDT">
          <params>
            <param index="0">
              <value>
                <![CDATA[Microsoft]]>
              </value>
            </param>
          </params>
          <reporter-output>
          </reporter-output>
        </test-method> <!-- validateTheSearch -->
        <test-method status="PASS" signature="tearDown()[pri:0, instance:scripts._20_GoogleSearchTest@71bbf57e]" name="tearDown" is-config="true" duration-ms="802" started-at="2023-06-12T18:54:54 EDT" finished-at="2023-06-12T18:54:55 EDT">
          <reporter-output>
          </reporter-output>
        </test-method> <!-- tearDown -->
        <test-method status="PASS" signature="setUp()[pri:0, instance:scripts._20_GoogleSearchTest@71bbf57e]" name="setUp" is-config="true" duration-ms="1854" started-at="2023-06-12T18:54:55 EDT" finished-at="2023-06-12T18:54:57 EDT">
          <reporter-output>
          </reporter-output>
        </test-method> <!-- setUp -->
        <test-method status="PASS" signature="setPage()[pri:0, instance:scripts._20_GoogleSearchTest@71bbf57e]" name="setPage" is-config="true" duration-ms="662" started-at="2023-06-12T18:54:57 EDT" finished-at="2023-06-12T18:54:58 EDT">
          <reporter-output>
          </reporter-output>
        </test-method> <!-- setPage -->
        <test-method status="PASS" signature="validateTheSearch(java.lang.String)[pri:2, instance:scripts._20_GoogleSearchTest@71bbf57e]" name="validateTheSearch" duration-ms="3047" started-at="2023-06-12T18:54:58 EDT" description="Validate the Google Search" data-provider="searchKeys" finished-at="2023-06-12T18:55:01 EDT">
          <params>
            <param index="0">
              <value>
                <![CDATA[Apple]]>
              </value>
            </param>
          </params>
          <reporter-output>
          </reporter-output>
        </test-method> <!-- validateTheSearch -->
        <test-method status="PASS" signature="tearDown()[pri:0, instance:scripts._20_GoogleSearchTest@71bbf57e]" name="tearDown" is-config="true" duration-ms="876" started-at="2023-06-12T18:55:01 EDT" finished-at="2023-06-12T18:55:01 EDT">
          <reporter-output>
          </reporter-output>
        </test-method> <!-- tearDown -->
        <test-method status="PASS" signature="setUp()[pri:0, instance:scripts._20_GoogleSearchTest@71bbf57e]" name="setUp" is-config="true" duration-ms="1747" started-at="2023-06-12T18:55:01 EDT" finished-at="2023-06-12T18:55:03 EDT">
          <reporter-output>
          </reporter-output>
        </test-method> <!-- setUp -->
        <test-method status="PASS" signature="setPage()[pri:0, instance:scripts._20_GoogleSearchTest@71bbf57e]" name="setPage" is-config="true" duration-ms="665" started-at="2023-06-12T18:55:03 EDT" finished-at="2023-06-12T18:55:04 EDT">
          <reporter-output>
          </reporter-output>
        </test-method> <!-- setPage -->
        <test-method status="PASS" signature="validateTheSearch(java.lang.String)[pri:2, instance:scripts._20_GoogleSearchTest@71bbf57e]" name="validateTheSearch" duration-ms="2117" started-at="2023-06-12T18:55:04 EDT" description="Validate the Google Search" data-provider="searchKeys" finished-at="2023-06-12T18:55:06 EDT">
          <params>
            <param index="0">
              <value>
                <![CDATA[Oracle]]>
              </value>
            </param>
          </params>
          <reporter-output>
          </reporter-output>
        </test-method> <!-- validateTheSearch -->
        <test-method status="PASS" signature="tearDown()[pri:0, instance:scripts._20_GoogleSearchTest@71bbf57e]" name="tearDown" is-config="true" duration-ms="802" started-at="2023-06-12T18:55:06 EDT" finished-at="2023-06-12T18:55:07 EDT">
          <reporter-output>
          </reporter-output>
        </test-method> <!-- tearDown -->
      </class> <!-- scripts._20_GoogleSearchTest -->
      <class name="scripts._14_MultipleWindowsTest">
        <test-method status="PASS" signature="setUp()[pri:0, instance:scripts._14_MultipleWindowsTest@131276c2]" name="setUp" is-config="true" duration-ms="1656" started-at="2023-06-12T18:50:57 EDT" finished-at="2023-06-12T18:50:59 EDT">
          <reporter-output>
          </reporter-output>
        </test-method> <!-- setUp -->
        <test-method status="PASS" signature="setPage()[pri:0, instance:scripts._14_MultipleWindowsTest@131276c2]" name="setPage" is-config="true" duration-ms="992" started-at="2023-06-12T18:50:59 EDT" finished-at="2023-06-12T18:51:00 EDT">
          <reporter-output>
          </reporter-output>
        </test-method> <!-- setPage -->
        <test-method status="PASS" signature="validateTheAppleNavigation()[pri:1, instance:scripts._14_MultipleWindowsTest@131276c2]" name="validateTheAppleNavigation" duration-ms="1876" started-at="2023-06-12T18:51:00 EDT" description="TC321 Validate the Apple navigation" finished-at="2023-06-12T18:51:02 EDT">
          <reporter-output>
          </reporter-output>
        </test-method> <!-- validateTheAppleNavigation -->
        <test-method status="PASS" signature="tearDown()[pri:0, instance:scripts._14_MultipleWindowsTest@131276c2]" name="tearDown" is-config="true" duration-ms="793" started-at="2023-06-12T18:51:02 EDT" finished-at="2023-06-12T18:51:02 EDT">
          <reporter-output>
          </reporter-output>
        </test-method> <!-- tearDown -->
        <test-method status="PASS" signature="setUp()[pri:0, instance:scripts._14_MultipleWindowsTest@131276c2]" name="setUp" is-config="true" duration-ms="1540" started-at="2023-06-12T18:51:02 EDT" finished-at="2023-06-12T18:51:04 EDT">
          <reporter-output>
          </reporter-output>
        </test-method> <!-- setUp -->
        <test-method status="PASS" signature="setPage()[pri:0, instance:scripts._14_MultipleWindowsTest@131276c2]" name="setPage" is-config="true" duration-ms="1065" started-at="2023-06-12T18:51:04 EDT" finished-at="2023-06-12T18:51:05 EDT">
          <reporter-output>
          </reporter-output>
        </test-method> <!-- setPage -->
        <test-method status="PASS" signature="validateTheMicrosoftNavigation()[pri:2, instance:scripts._14_MultipleWindowsTest@131276c2]" name="validateTheMicrosoftNavigation" duration-ms="2693" started-at="2023-06-12T18:51:05 EDT" description="TC322 Validate the Microsoft navigation" finished-at="2023-06-12T18:51:08 EDT">
          <reporter-output>
          </reporter-output>
        </test-method> <!-- validateTheMicrosoftNavigation -->
        <test-method status="PASS" signature="tearDown()[pri:0, instance:scripts._14_MultipleWindowsTest@131276c2]" name="tearDown" is-config="true" duration-ms="1069" started-at="2023-06-12T18:51:08 EDT" finished-at="2023-06-12T18:51:09 EDT">
          <reporter-output>
          </reporter-output>
        </test-method> <!-- tearDown -->
        <test-method status="PASS" signature="setUp()[pri:0, instance:scripts._14_MultipleWindowsTest@131276c2]" name="setUp" is-config="true" duration-ms="1789" started-at="2023-06-12T18:51:09 EDT" finished-at="2023-06-12T18:51:11 EDT">
          <reporter-output>
          </reporter-output>
        </test-method> <!-- setUp -->
        <test-method status="PASS" signature="setPage()[pri:0, instance:scripts._14_MultipleWindowsTest@131276c2]" name="setPage" is-config="true" duration-ms="1015" started-at="2023-06-12T18:51:11 EDT" finished-at="2023-06-12T18:51:12 EDT">
          <reporter-output>
          </reporter-output>
        </test-method> <!-- setPage -->
        <test-method status="PASS" signature="validateTheTeslaNavigation()[pri:3, instance:scripts._14_MultipleWindowsTest@131276c2]" name="validateTheTeslaNavigation" duration-ms="2284" started-at="2023-06-12T18:51:12 EDT" description="TC323 Validate the Tesla navigation" finished-at="2023-06-12T18:51:14 EDT">
          <reporter-output>
          </reporter-output>
        </test-method> <!-- validateTheTeslaNavigation -->
        <test-method status="PASS" signature="tearDown()[pri:0, instance:scripts._14_MultipleWindowsTest@131276c2]" name="tearDown" is-config="true" duration-ms="755" started-at="2023-06-12T18:51:14 EDT" finished-at="2023-06-12T18:51:15 EDT">
          <reporter-output>
          </reporter-output>
        </test-method> <!-- tearDown -->
        <test-method status="PASS" signature="setUp()[pri:0, instance:scripts._14_MultipleWindowsTest@131276c2]" name="setUp" is-config="true" duration-ms="1589" started-at="2023-06-12T18:51:15 EDT" finished-at="2023-06-12T18:51:16 EDT">
          <reporter-output>
          </reporter-output>
        </test-method> <!-- setUp -->
        <test-method status="PASS" signature="setPage()[pri:0, instance:scripts._14_MultipleWindowsTest@131276c2]" name="setPage" is-config="true" duration-ms="1023" started-at="2023-06-12T18:51:16 EDT" finished-at="2023-06-12T18:51:17 EDT">
          <reporter-output>
          </reporter-output>
        </test-method> <!-- setPage -->
        <test-method status="FAIL" signature="validateTheLinkURLs()[pri:4, instance:scripts._14_MultipleWindowsTest@131276c2]" name="validateTheLinkURLs" duration-ms="7309" started-at="2023-06-12T18:51:17 EDT" description="Validate link URLs" finished-at="2023-06-12T18:51:25 EDT">
          <exception class="java.lang.AssertionError">
            <message>
              <![CDATA[expected [https://www.microsoft.com/en-us/] but found [https://www.microsoft.com/en-ca/]]]>
            </message>
            <full-stacktrace>
              <![CDATA[java.lang.AssertionError: expected [https://www.microsoft.com/en-us/] but found [https://www.microsoft.com/en-ca/]
at org.testng.Assert.fail(Assert.java:97)
at org.testng.Assert.assertEqualsImpl(Assert.java:136)
at org.testng.Assert.assertEquals(Assert.java:118)
at org.testng.Assert.assertEquals(Assert.java:575)
at org.testng.Assert.assertEquals(Assert.java:585)
at scripts._14_MultipleWindowsTest.validateTheLinkURLs(_14_MultipleWindowsTest.java:110)
at sun.reflect.NativeMethodAccessorImpl.invoke0(Native Method)
at sun.reflect.NativeMethodAccessorImpl.invoke(NativeMethodAccessorImpl.java:62)
at sun.reflect.DelegatingMethodAccessorImpl.invoke(DelegatingMethodAccessorImpl.java:43)
at java.lang.reflect.Method.invoke(Method.java:498)
at org.testng.internal.MethodInvocationHelper.invokeMethod(MethodInvocationHelper.java:134)
at org.testng.internal.TestInvoker.invokeMethod(TestInvoker.java:597)
at org.testng.internal.TestInvoker.invokeTestMethod(TestInvoker.java:173)
at org.testng.internal.MethodRunner.runInSequence(MethodRunner.java:46)
at org.testng.internal.TestInvoker$MethodInvocationAgent.invoke(TestInvoker.java:816)
at org.testng.internal.TestInvoker.invokeTestMethods(TestInvoker.java:146)
at org.testng.internal.TestMethodWorker.invokeTestMethods(TestMethodWorker.java:146)
at org.testng.internal.TestMethodWorker.run(TestMethodWorker.java:128)
at java.util.ArrayList.forEach(ArrayList.java:1259)
at org.testng.TestRunner.privateRun(TestRunner.java:766)
at org.testng.TestRunner.run(TestRunner.java:587)
at org.testng.SuiteRunner.runTest(SuiteRunner.java:384)
at org.testng.SuiteRunner.runSequentially(SuiteRunner.java:378)
at org.testng.SuiteRunner.privateRun(SuiteRunner.java:337)
at org.testng.SuiteRunner.run(SuiteRunner.java:286)
at org.testng.SuiteRunnerWorker.runSuite(SuiteRunnerWorker.java:53)
at org.testng.SuiteRunnerWorker.run(SuiteRunnerWorker.java:96)
at org.testng.TestNG.runSuitesSequentially(TestNG.java:1187)
at org.testng.TestNG.runSuitesLocally(TestNG.java:1109)
at org.testng.TestNG.runSuites(TestNG.java:1039)
at org.testng.TestNG.run(TestNG.java:1007)
at org.apache.maven.surefire.testng.TestNGExecutor.run(TestNGExecutor.java:155)
at org.apache.maven.surefire.testng.TestNGDirectoryTestSuite.executeMulti(TestNGDirectoryTestSuite.java:169)
at org.apache.maven.surefire.testng.TestNGDirectoryTestSuite.execute(TestNGDirectoryTestSuite.java:88)
at org.apache.maven.surefire.testng.TestNGProvider.invoke(TestNGProvider.java:137)
at org.apache.maven.surefire.booter.ForkedBooter.runSuitesInProcess(ForkedBooter.java:385)
at org.apache.maven.surefire.booter.ForkedBooter.execute(ForkedBooter.java:162)
at org.apache.maven.surefire.booter.ForkedBooter.run(ForkedBooter.java:507)
at org.apache.maven.surefire.booter.ForkedBooter.main(ForkedBooter.java:495)
]]>
            </full-stacktrace>
          </exception> <!-- java.lang.AssertionError -->
          <reporter-output>
          </reporter-output>
        </test-method> <!-- validateTheLinkURLs -->
        <test-method status="PASS" signature="tearDown()[pri:0, instance:scripts._14_MultipleWindowsTest@131276c2]" name="tearDown" is-config="true" duration-ms="1032" started-at="2023-06-12T18:51:25 EDT" finished-at="2023-06-12T18:51:26 EDT">
          <reporter-output>
          </reporter-output>
        </test-method> <!-- tearDown -->
      </class> <!-- scripts._14_MultipleWindowsTest -->
    </test> <!-- Surefire test -->
  </suite> <!-- Surefire suite -->
</testng-results>
